<?xml version="1.0" encoding="UTF-8"?>
<!-- Generated by org.testng.reporters.JUnitXMLReporter -->
<testsuite hostname="da004665" name="Command line test" tests="3" failures="1" timestamp="8 Mar 2018 13:30:30 GMT" time="120.103" errors="0">
  <testcase name="feature" time="48.78" classname="com.cucumber.framework.runner.productCategory.TestProductsCountBasedOnColorRunner"/>
  <testcase name="feature" time="38.392" classname="com.cucumber.framework.runner.productCategory.TestTotalNumberOfWomenDressProductRunner"/>
  <testcase name="feature" time="31.162" classname="com.cucumber.framework.runner.productCategory.TestTotalNumberOfWomenDressProductRunner">
    <failure type="cucumber.runtime.CucumberException" message="java.lang.AssertionError: given product count is not matching with runtime product Data expected [true] but found [false]">
      <![CDATA[cucumber.runtime.CucumberException: java.lang.AssertionError: given product count is not matching with runtime product Data expected [true] but found [false]
	at cucumber.api.testng.TestNGCucumberRunner.runCucumber(TestNGCucumberRunner.java:69)
	at cucumber.api.testng.AbstractTestNGCucumberTests.feature(AbstractTestNGCucumberTests.java:21)
Caused by: java.lang.AssertionError: given product count is not matching with runtime product Data expected [true] but found [false]
	at com.cucumber.framework.stepdefinition.ProductCategory.ProductCategory.verify_total_number_of_women_products_dispalyed_as(ProductCategory.java:34)
	at âœ½.Then verify total number of women products dispalyed as "8"(featurefile/productCategory/TestTotalNumberOfWomenDressProductRunner.feature:7)
... Removed 37 stack frames]]>
    </failure>
  </testcase> <!-- feature -->
</testsuite> <!-- Command line test -->
