2018-03-08 15:28:32 [INFO ] [TestBase] - [getBrowserObject] Chrome
2018-03-08 15:28:52 [INFO ] [TestBase] - [before] Chrome
2018-03-08 15:29:01 [INFO ] [WaitHelper] - [waitForElement] element found...WOMEN
2018-03-08 15:29:01 [INFO ] [ProductCategory] - [user_click_on_women_navigation_menu] clicking on women menu
2018-03-08 15:29:01 [INFO ] [HomePage] - [clickOnMenu] clickin on : WOMEN
2018-03-08 15:29:05 [INFO ] [WaitHelper] - [waitForElement] element found...CATALOG
2018-03-08 15:29:05 [INFO ] [JavaScriptHelper] - [executeScript] arguments[0].scrollIntoView()
2018-03-08 15:29:05 [INFO ] [JavaScriptHelper] - [scrollIntoView] [[ChromeDriver: chrome on XP (16aca6f83bd370e154c748866d983d26)] -> xpath: //a[contains(text(),'Orange')]/parent::*/preceding-sibling::input[1]]
2018-03-08 15:29:12 [INFO ] [ProductCategory] - [click_on_orange_color_filter] we are selecting :Orange
2018-03-08 15:29:20 [INFO ] [TestBase] - [after] 
2018-03-08 15:29:20 [INFO ] [TestBase] - [getBrowserObject] Chrome
2018-03-08 15:29:35 [INFO ] [TestBase] - [before] Chrome
2018-03-08 15:29:42 [INFO ] [WaitHelper] - [waitForElement] element found...WOMEN
2018-03-08 15:29:42 [INFO ] [ProductCategory] - [user_click_on_women_navigation_menu] clicking on women menu
2018-03-08 15:29:42 [INFO ] [HomePage] - [clickOnMenu] clickin on : WOMEN
2018-03-08 15:29:45 [INFO ] [WaitHelper] - [waitForElement] element found...CATALOG
2018-03-08 15:29:45 [INFO ] [JavaScriptHelper] - [executeScript] arguments[0].scrollIntoView()
2018-03-08 15:29:45 [INFO ] [JavaScriptHelper] - [scrollIntoView] [[ChromeDriver: chrome on XP (702c5571186dc2c269db36802fae9c14)] -> xpath: //a[contains(text(),'Orange')]/parent::*/preceding-sibling::input[1]]
2018-03-08 15:29:52 [INFO ] [ProductCategory] - [click_on_orange_color_filter] we are selecting :Orange
2018-03-08 15:29:58 [INFO ] [TestBase] - [after] 
2018-03-08 15:29:58 [INFO ] [TestBase] - [getBrowserObject] Chrome
2018-03-08 15:30:13 [INFO ] [TestBase] - [before] Chrome
2018-03-08 15:30:20 [INFO ] [WaitHelper] - [waitForElement] element found...WOMEN
2018-03-08 15:30:20 [INFO ] [ProductCategory] - [user_click_on_women_navigation_menu] clicking on women menu
2018-03-08 15:30:20 [INFO ] [HomePage] - [clickOnMenu] clickin on : WOMEN
2018-03-08 15:30:24 [INFO ] [WaitHelper] - [waitForElement] element found...CATALOG
2018-03-08 15:30:24 [INFO ] [ProductCategory] - [verify_total_number_of_women_products_dispalyed_as] actual product counts are : 7
2018-03-08 15:30:30 [INFO ] [TestBase] - [after] 
2018-03-08 15:59:26 [INFO ] [TestBase] - [getBrowserObject] Chrome
2018-03-08 15:59:46 [INFO ] [TestBase] - [before] Chrome
2018-03-08 15:59:55 [INFO ] [WaitHelper] - [waitForElement] element found...Sign in
2018-03-08 15:59:55 [INFO ] [LoginPage] - [clickOnSignInLink] clicked on sign in link...
2018-03-08 15:59:57 [INFO ] [LoginPage] - [enterEmailAddress] entering email address....test902@gmail.com
2018-03-08 15:59:57 [INFO ] [LoginPage] - [enterPassword] entering password....password
2018-03-08 15:59:58 [INFO ] [LoginPage] - [clickOnSubmitButton] clicking on submit button...
2018-03-08 16:00:00 [INFO ] [WaitHelper] - [waitForElement] element found...WOMEN
2018-03-08 16:00:00 [INFO ] [GenericHelper] - [isDisplayed] element is displayed..[[ChromeDriver: chrome on XP (4e96f46e42fbaaed6bad90c3369413c7)] -> xpath: //*[@id='center_column']/p]
2018-03-08 16:00:00 [INFO ] [LoginToAutomationPractices] - [login_is_successful] login test is pass
2018-03-08 16:00:07 [INFO ] [TestBase] - [after] 
2018-03-08 16:04:34 [INFO ] [TestBase] - [getBrowserObject] Chrome
2018-03-08 16:04:54 [INFO ] [TestBase] - [before] Chrome
2018-03-08 16:05:03 [INFO ] [WaitHelper] - [waitForElement] element found...WOMEN
2018-03-08 16:05:03 [INFO ] [ProductCategory] - [user_click_on_women_navigation_menu] clicking on women menu
2018-03-08 16:05:03 [INFO ] [HomePage] - [clickOnMenu] clickin on : WOMEN
2018-03-08 16:05:08 [INFO ] [WaitHelper] - [waitForElement] element found...CATALOG
2018-03-08 16:05:08 [INFO ] [JavaScriptHelper] - [executeScript] arguments[0].scrollIntoView()
2018-03-08 16:05:08 [INFO ] [JavaScriptHelper] - [scrollIntoView] [[ChromeDriver: chrome on XP (baedb5d62ffb15aa3b4d7c742b9aca5e)] -> xpath: //a[contains(text(),'Orange')]/parent::*/preceding-sibling::input[1]]
2018-03-08 16:05:15 [INFO ] [ProductCategory] - [click_on_orange_color_filter] we are selecting :Orange
2018-03-08 16:05:20 [INFO ] [TestBase] - [after] 
2018-03-08 16:05:20 [INFO ] [TestBase] - [getBrowserObject] Chrome
2018-03-08 16:05:32 [INFO ] [TestBase] - [before] Chrome
2018-03-08 16:05:39 [INFO ] [WaitHelper] - [waitForElement] element found...WOMEN
2018-03-08 16:05:39 [INFO ] [ProductCategory] - [user_click_on_women_navigation_menu] clicking on women menu
2018-03-08 16:05:40 [INFO ] [HomePage] - [clickOnMenu] clickin on : WOMEN
2018-03-08 16:05:42 [INFO ] [WaitHelper] - [waitForElement] element found...CATALOG
2018-03-08 16:05:42 [INFO ] [ProductCategory] - [verify_total_number_of_women_products_dispalyed_as] actual product counts are : 7
2018-03-08 16:05:50 [INFO ] [TestBase] - [after] 
2018-03-08 16:09:52 [INFO ] [TestBase] - [getBrowserObject] Chrome
2018-03-08 16:10:11 [INFO ] [TestBase] - [before] Chrome
2018-03-08 16:10:19 [INFO ] [WaitHelper] - [waitForElement] element found...WOMEN
2018-03-08 16:10:19 [INFO ] [ProductCategory] - [user_click_on_women_navigation_menu] clicking on women menu
2018-03-08 16:10:19 [INFO ] [HomePage] - [clickOnMenu] clickin on : WOMEN
2018-03-08 16:10:22 [INFO ] [WaitHelper] - [waitForElement] element found...CATALOG
2018-03-08 16:10:22 [INFO ] [JavaScriptHelper] - [executeScript] arguments[0].scrollIntoView()
2018-03-08 16:10:22 [INFO ] [JavaScriptHelper] - [scrollIntoView] [[ChromeDriver: chrome on XP (b3243232b137d7a27b238664ffe2438b)] -> xpath: //a[contains(text(),'Orange')]/parent::*/preceding-sibling::input[1]]
2018-03-08 16:10:30 [INFO ] [ProductCategory] - [click_on_orange_color_filter] we are selecting :Orange
2018-03-08 16:10:37 [INFO ] [TestBase] - [after] 
2018-03-08 16:10:37 [INFO ] [TestBase] - [getBrowserObject] Chrome
2018-03-08 16:10:54 [INFO ] [TestBase] - [before] Chrome
2018-03-08 16:11:01 [INFO ] [WaitHelper] - [waitForElement] element found...WOMEN
2018-03-08 16:11:01 [INFO ] [ProductCategory] - [user_click_on_women_navigation_menu] clicking on women menu
2018-03-08 16:11:01 [INFO ] [HomePage] - [clickOnMenu] clickin on : WOMEN
2018-03-08 16:11:04 [INFO ] [WaitHelper] - [waitForElement] element found...CATALOG
2018-03-08 16:11:04 [INFO ] [ProductCategory] - [verify_total_number_of_women_products_dispalyed_as] actual product counts are : 7
2018-03-08 16:11:10 [INFO ] [TestBase] - [after] 
2018-03-08 16:50:17 [INFO ] [TestBase] - [getBrowserObject] Chrome
2018-03-08 16:50:39 [INFO ] [TestBase] - [before] Chrome
2018-03-08 16:50:48 [INFO ] [WaitHelper] - [waitForElement] element found...WOMEN
2018-03-08 16:50:48 [INFO ] [ProductCategory] - [user_click_on_women_navigation_menu] clicking on women menu
2018-03-08 16:50:48 [INFO ] [HomePage] - [clickOnMenu] clickin on : WOMEN
2018-03-08 16:50:51 [INFO ] [WaitHelper] - [waitForElement] element found...CATALOG
2018-03-08 16:50:51 [INFO ] [JavaScriptHelper] - [executeScript] arguments[0].scrollIntoView()
2018-03-08 16:50:51 [INFO ] [JavaScriptHelper] - [scrollIntoView] [[ChromeDriver: chrome on XP (9432b7b756be0959aad3ddc85fe2cf8c)] -> xpath: //a[contains(text(),'Orange')]/parent::*/preceding-sibling::input[1]]
2018-03-08 16:50:59 [INFO ] [ProductCategory] - [click_on_orange_color_filter] we are selecting :Orange
2018-03-08 16:51:06 [INFO ] [TestBase] - [after] 
2018-03-08 16:51:06 [INFO ] [TestBase] - [getBrowserObject] Chrome
2018-03-08 16:51:22 [INFO ] [TestBase] - [before] Chrome
2018-03-08 16:51:29 [INFO ] [WaitHelper] - [waitForElement] element found...WOMEN
2018-03-08 16:51:29 [INFO ] [ProductCategory] - [user_click_on_women_navigation_menu] clicking on women menu
2018-03-08 16:51:29 [INFO ] [HomePage] - [clickOnMenu] clickin on : WOMEN
2018-03-08 16:51:32 [INFO ] [WaitHelper] - [waitForElement] element found...CATALOG
2018-03-08 16:51:32 [INFO ] [ProductCategory] - [verify_total_number_of_women_products_dispalyed_as] actual product counts are : 7
2018-03-08 16:51:41 [INFO ] [TestBase] - [after] 
2018-03-09 10:53:44 [INFO ] [TestBase] - [getBrowserObject] Chrome
2018-03-09 10:54:03 [INFO ] [TestBase] - [before] Chrome
2018-03-09 10:54:14 [INFO ] [WaitHelper] - [waitForElement] element found...WOMEN
2018-03-09 10:54:14 [INFO ] [ProductCategory] - [user_click_on_women_navigation_menu] clicking on women menu
2018-03-09 10:54:14 [INFO ] [HomePage] - [clickOnMenu] clickin on : WOMEN
2018-03-09 10:54:18 [INFO ] [WaitHelper] - [waitForElement] element found...CATALOG
2018-03-09 10:54:18 [INFO ] [JavaScriptHelper] - [executeScript] arguments[0].scrollIntoView()
2018-03-09 10:54:18 [INFO ] [JavaScriptHelper] - [scrollIntoView] [[ChromeDriver: chrome on XP (30065af548524473ec0465f41d11f912)] -> xpath: //a[contains(text(),'Orange')]/parent::*/preceding-sibling::input[1]]
2018-03-09 10:54:26 [INFO ] [ProductCategory] - [click_on_orange_color_filter] we are selecting :Orange
2018-03-09 10:54:32 [INFO ] [TestBase] - [after] 
2018-03-09 10:54:32 [INFO ] [TestBase] - [getBrowserObject] Chrome
2018-03-09 10:54:49 [INFO ] [TestBase] - [before] Chrome
2018-03-09 10:55:01 [INFO ] [WaitHelper] - [waitForElement] element found...WOMEN
2018-03-09 10:55:01 [INFO ] [ProductCategory] - [user_click_on_women_navigation_menu] clicking on women menu
2018-03-09 10:55:01 [INFO ] [HomePage] - [clickOnMenu] clickin on : WOMEN
2018-03-09 10:55:07 [INFO ] [WaitHelper] - [waitForElement] element found...CATALOG
2018-03-09 10:55:07 [INFO ] [ProductCategory] - [verify_total_number_of_women_products_dispalyed_as] actual product counts are : 7
2018-03-09 10:55:14 [INFO ] [TestBase] - [after] 
2018-03-09 16:30:16 [INFO ] [TestBase] - [getBrowserObject] Chrome
2018-03-09 16:30:40 [INFO ] [TestBase] - [before] Chrome
2018-03-09 16:31:33 [INFO ] [WaitHelper] - [waitForElement] element found...WOMEN
2018-03-09 16:31:33 [INFO ] [ProductCategory] - [user_click_on_women_navigation_menu] clicking on women menu
2018-03-09 16:31:33 [INFO ] [HomePage] - [clickOnMenu] clickin on : WOMEN
2018-03-09 16:31:37 [INFO ] [WaitHelper] - [waitForElement] element found...CATALOG
2018-03-09 16:31:37 [INFO ] [JavaScriptHelper] - [executeScript] arguments[0].scrollIntoView()
2018-03-09 16:31:37 [INFO ] [JavaScriptHelper] - [scrollIntoView] [[ChromeDriver: chrome on XP (d50eb73da366c8bfe643de8a1e79cfde)] -> xpath: //a[contains(text(),'Orange')]/parent::*/preceding-sibling::input[1]]
2018-03-09 16:31:44 [INFO ] [ProductCategory] - [click_on_orange_color_filter] we are selecting :Orange
2018-03-09 16:31:55 [INFO ] [TestBase] - [after] 
2018-03-09 16:31:59 [INFO ] [TestBase] - [getBrowserObject] Chrome
2018-03-09 16:32:16 [INFO ] [TestBase] - [before] Chrome
2018-03-09 16:32:28 [INFO ] [WaitHelper] - [waitForElement] element found...WOMEN
2018-03-09 16:32:28 [INFO ] [ProductCategory] - [user_click_on_women_navigation_menu] clicking on women menu
2018-03-09 16:32:28 [INFO ] [HomePage] - [clickOnMenu] clickin on : WOMEN
2018-03-09 16:32:31 [INFO ] [WaitHelper] - [waitForElement] element found...CATALOG
2018-03-09 16:32:31 [INFO ] [ProductCategory] - [verify_total_number_of_women_products_dispalyed_as] actual product counts are : 7
2018-03-09 16:43:31 [INFO ] [TestBase] - [getBrowserObject] Chrome
2018-03-09 16:43:55 [INFO ] [TestBase] - [before] Chrome
2018-03-09 16:44:04 [INFO ] [WaitHelper] - [waitForElement] element found...WOMEN
2018-03-09 16:44:04 [INFO ] [ProductCategory] - [user_click_on_women_navigation_menu] clicking on women menu
2018-03-09 16:44:04 [INFO ] [HomePage] - [clickOnMenu] clickin on : WOMEN
2018-03-09 16:44:09 [INFO ] [WaitHelper] - [waitForElement] element found...CATALOG
2018-03-09 16:44:09 [INFO ] [JavaScriptHelper] - [executeScript] arguments[0].scrollIntoView()
2018-03-09 16:44:09 [INFO ] [JavaScriptHelper] - [scrollIntoView] [[ChromeDriver: chrome on XP (88543c2f240dc288f7094dd98d58ae79)] -> xpath: //a[contains(text(),'Orange')]/parent::*/preceding-sibling::input[1]]
2018-03-09 16:44:16 [INFO ] [ProductCategory] - [click_on_orange_color_filter] we are selecting :Orange
2018-03-09 16:44:23 [INFO ] [TestBase] - [after] 
2018-03-09 16:44:23 [INFO ] [TestBase] - [getBrowserObject] Chrome
2018-03-09 16:44:39 [INFO ] [TestBase] - [before] Chrome
2018-03-09 16:44:48 [INFO ] [WaitHelper] - [waitForElement] element found...WOMEN
2018-03-09 16:44:48 [INFO ] [ProductCategory] - [user_click_on_women_navigation_menu] clicking on women menu
2018-03-09 16:44:48 [INFO ] [HomePage] - [clickOnMenu] clickin on : WOMEN
2018-03-09 16:44:51 [INFO ] [WaitHelper] - [waitForElement] element found...CATALOG
2018-03-09 16:44:51 [INFO ] [ProductCategory] - [verify_total_number_of_women_products_dispalyed_as] actual product counts are : 7
2018-03-09 16:44:57 [INFO ] [TestBase] - [after] 
2018-03-12 10:36:38 [INFO ] [TestBase] - [getBrowserObject] Chrome
2018-03-12 10:36:59 [INFO ] [TestBase] - [before] Chrome
2018-03-14 16:56:37 [INFO ] [TestBase] - [getBrowserObject] Chrome
2018-03-14 16:56:57 [INFO ] [TestBase] - [before] Chrome
2018-03-14 16:57:12 [INFO ] [TestBase] - [after] 
2018-03-14 16:57:12 [INFO ] [TestBase] - [getBrowserObject] Chrome
2018-03-14 16:57:24 [INFO ] [TestBase] - [before] Chrome
2018-03-14 16:59:00 [INFO ] [TestBase] - [after] 
2018-03-14 17:05:45 [INFO ] [TestBase] - [getBrowserObject] Chrome
2018-03-14 17:06:02 [INFO ] [TestBase] - [before] Chrome
2018-03-14 17:06:19 [INFO ] [TestBase] - [after] 
2018-03-14 17:06:19 [INFO ] [TestBase] - [getBrowserObject] Chrome
2018-03-14 17:06:32 [INFO ] [TestBase] - [before] Chrome
2018-03-14 17:08:09 [INFO ] [TestBase] - [after] 
2018-03-14 17:16:06 [INFO ] [TestBase] - [getBrowserObject] Chrome
2018-03-14 17:16:23 [INFO ] [TestBase] - [before] Chrome
2018-03-14 17:18:18 [INFO ] [TestBase] - [getBrowserObject] Chrome
2018-03-14 17:18:35 [INFO ] [TestBase] - [before] Chrome
2018-03-14 17:21:26 [INFO ] [TestBase] - [getBrowserObject] Chrome
2018-03-14 17:21:43 [INFO ] [TestBase] - [before] Chrome
2018-03-14 17:23:42 [INFO ] [TestBase] - [after] 
2018-03-14 17:23:51 [INFO ] [TestBase] - [getBrowserObject] Chrome
2018-03-14 17:24:06 [INFO ] [TestBase] - [before] Chrome
2018-03-14 17:25:09 [INFO ] [TestBase] - [getBrowserObject] Chrome
2018-03-14 17:25:25 [INFO ] [TestBase] - [before] Chrome
2018-03-14 19:39:55 [INFO ] [TestBase] - [getBrowserObject] Chrome
2018-03-14 19:40:12 [INFO ] [TestBase] - [before] Chrome
2018-03-14 19:42:15 [INFO ] [TestBase] - [after] 
2018-03-14 19:42:15 [INFO ] [TestBase] - [getBrowserObject] Chrome
2018-03-14 19:42:27 [INFO ] [TestBase] - [before] Chrome
2018-03-14 19:43:55 [INFO ] [TestBase] - [after] 
2018-03-14 20:05:55 [INFO ] [TestBase] - [getBrowserObject] Chrome
2018-03-14 20:06:13 [INFO ] [TestBase] - [before] Chrome
2018-03-14 20:07:44 [INFO ] [TestBase] - [after] 
2018-03-14 20:07:44 [INFO ] [TestBase] - [getBrowserObject] Chrome
2018-03-14 20:07:58 [INFO ] [TestBase] - [before] Chrome
2018-03-14 20:09:28 [INFO ] [TestBase] - [after] 
2018-03-14 20:41:40 [INFO ] [TestBase] - [getBrowserObject] Chrome
2018-03-14 20:41:58 [INFO ] [TestBase] - [before] Chrome
2018-03-14 20:43:27 [INFO ] [TestBase] - [after] 
2018-03-14 20:43:27 [INFO ] [TestBase] - [getBrowserObject] Chrome
2018-03-14 20:43:40 [INFO ] [TestBase] - [before] Chrome
2018-03-14 20:48:53 [INFO ] [TestBase] - [getBrowserObject] Chrome
2018-03-14 20:49:10 [INFO ] [TestBase] - [before] Chrome
2018-03-14 20:50:40 [INFO ] [TestBase] - [after] 
2018-03-14 20:50:40 [INFO ] [TestBase] - [getBrowserObject] Chrome
2018-03-14 20:50:51 [INFO ] [TestBase] - [before] Chrome
2018-03-14 20:52:19 [INFO ] [TestBase] - [getBrowserObject] Chrome
2018-03-14 20:52:35 [INFO ] [TestBase] - [before] Chrome
2018-03-14 20:54:03 [INFO ] [TestBase] - [after] 
2018-03-14 20:54:03 [INFO ] [TestBase] - [getBrowserObject] Chrome
2018-03-14 20:54:19 [INFO ] [TestBase] - [before] Chrome
2018-03-14 20:56:03 [INFO ] [TestBase] - [getBrowserObject] Chrome
2018-03-14 20:56:18 [INFO ] [TestBase] - [before] Chrome
2018-03-14 20:57:45 [INFO ] [TestBase] - [getBrowserObject] Chrome
2018-03-14 20:57:58 [INFO ] [TestBase] - [before] Chrome
2018-03-14 21:15:13 [INFO ] [TestBase] - [getBrowserObject] Chrome
2018-03-14 21:15:31 [INFO ] [TestBase] - [before] Chrome
2018-03-14 21:17:00 [INFO ] [TestBase] - [after] 
2018-03-14 21:17:00 [INFO ] [TestBase] - [getBrowserObject] Chrome
2018-03-14 21:17:13 [INFO ] [TestBase] - [before] Chrome
2018-03-14 21:20:13 [INFO ] [TestBase] - [getBrowserObject] Chrome
2018-03-14 21:20:32 [INFO ] [TestBase] - [before] Chrome
2018-03-14 21:24:19 [INFO ] [TestBase] - [getBrowserObject] Chrome
2018-03-14 21:24:43 [INFO ] [TestBase] - [getBrowserObject] Chrome
2018-03-14 21:24:56 [INFO ] [TestBase] - [before] Chrome
2018-03-14 21:25:46 [INFO ] [WaitHelper] - [waitForElement] element found...WOMEN
2018-03-14 21:25:46 [INFO ] [ProductCategory] - [user_click_on_women_navigation_menu] clicking on women menu
2018-03-14 21:25:46 [INFO ] [HomePage] - [clickOnMenu] clickin on : WOMEN
2018-03-14 21:25:50 [INFO ] [WaitHelper] - [waitForElement] element found...CATALOG
2018-03-14 21:25:50 [INFO ] [JavaScriptHelper] - [executeScript] arguments[0].scrollIntoView()
2018-03-14 21:25:50 [INFO ] [JavaScriptHelper] - [scrollIntoView] [[ChromeDriver: chrome on XP (ad555f9f039f7289f87f73fa0ede3a31)] -> xpath: //a[contains(text(),'Orange')]/parent::*/preceding-sibling::input[1]]
2018-03-14 21:25:57 [INFO ] [ProductCategory] - [click_on_orange_color_filter] we are selecting :Orange
2018-03-14 21:26:05 [INFO ] [TestBase] - [after] 
2018-03-14 21:26:06 [INFO ] [TestBase] - [getBrowserObject] Chrome
2018-03-14 21:26:20 [INFO ] [TestBase] - [before] Chrome
2018-03-14 21:26:35 [INFO ] [WaitHelper] - [waitForElement] element found...WOMEN
2018-03-14 21:26:35 [INFO ] [ProductCategory] - [user_click_on_women_navigation_menu] clicking on women menu
2018-03-14 21:26:35 [INFO ] [HomePage] - [clickOnMenu] clickin on : WOMEN
2018-03-14 21:26:39 [INFO ] [WaitHelper] - [waitForElement] element found...CATALOG
2018-03-14 21:26:39 [INFO ] [JavaScriptHelper] - [executeScript] arguments[0].scrollIntoView()
2018-03-14 21:26:39 [INFO ] [JavaScriptHelper] - [scrollIntoView] [[ChromeDriver: chrome on XP (6dba7f549b1d0b43e0f83d40f9ea2f14)] -> xpath: //a[contains(text(),'Orange')]/parent::*/preceding-sibling::input[1]]
2018-03-14 21:26:46 [INFO ] [ProductCategory] - [click_on_orange_color_filter] we are selecting :Orange
2018-03-14 21:27:05 [INFO ] [TestBase] - [after] 
2018-03-14 21:27:08 [INFO ] [TestBase] - [getBrowserObject] Chrome
2018-03-14 21:27:20 [INFO ] [TestBase] - [before] Chrome
2018-03-14 21:27:44 [INFO ] [WaitHelper] - [waitForElement] element found...WOMEN
2018-03-14 21:27:44 [INFO ] [ProductCategory] - [user_click_on_women_navigation_menu] clicking on women menu
2018-03-14 21:27:44 [INFO ] [HomePage] - [clickOnMenu] clickin on : WOMEN
2018-03-14 21:27:48 [INFO ] [WaitHelper] - [waitForElement] element found...CATALOG
2018-03-14 21:27:48 [INFO ] [ProductCategory] - [verify_total_number_of_women_products_dispalyed_as] actual product counts are : 7
2018-03-14 21:28:08 [INFO ] [TestBase] - [after] 
2018-03-14 21:44:39 [INFO ] [TestBase] - [getBrowserObject] Chrome
2018-03-14 21:44:56 [INFO ] [TestBase] - [before] Chrome
2018-03-14 21:46:10 [INFO ] [TestBase] - [getBrowserObject] Chrome
2018-03-14 21:46:23 [INFO ] [TestBase] - [before] Chrome
2018-03-14 21:47:50 [INFO ] [TestBase] - [getBrowserObject] Chrome
2018-03-14 21:48:05 [INFO ] [TestBase] - [before] Chrome
2018-03-14 21:48:21 [INFO ] [TestBase] - [after] 
2018-03-14 21:53:49 [INFO ] [TestBase] - [getBrowserObject] Chrome
2018-03-14 21:54:04 [INFO ] [TestBase] - [before] Chrome
2018-03-14 21:55:30 [INFO ] [TestBase] - [after] 
2018-03-14 21:56:51 [INFO ] [TestBase] - [getBrowserObject] Chrome
2018-03-14 21:57:05 [INFO ] [TestBase] - [before] Chrome
2018-03-14 21:58:48 [INFO ] [TestBase] - [after] 
2018-03-14 22:05:16 [INFO ] [TestBase] - [getBrowserObject] Chrome
2018-03-14 22:05:37 [INFO ] [TestBase] - [before] Chrome
2018-03-14 22:06:09 [INFO ] [GetDataFromExcel] - [medicalQuestionsLookup] (Error) We did not find the question you specified on the list
2018-03-14 22:07:07 [INFO ] [GetDataFromExcel] - [medicalQuestionsLookup] (Error) We did not find the question you specified on the list
2018-03-14 22:07:07 [INFO ] [GetDataFromExcel] - [medicalQuestionsLookup] (Error) We did not find the question you specified on the list
2018-03-14 22:07:07 [INFO ] [GetDataFromExcel] - [medicalQuestionsLookup] (Error) We did not find the question you specified on the list
2018-03-14 22:07:29 [INFO ] [TestBase] - [getBrowserObject] Chrome
2018-03-14 22:07:54 [INFO ] [TestBase] - [before] Chrome
2018-03-14 22:09:05 [INFO ] [GetDataFromExcel] - [medicalQuestionsLookup] (Error) We did not find the question you specified on the list
2018-03-14 22:11:36 [INFO ] [GetDataFromExcel] - [medicalQuestionsLookup] (Error) We did not find the question you specified on the list
2018-03-14 22:11:36 [INFO ] [GetDataFromExcel] - [medicalQuestionsLookup] (Error) We did not find the question you specified on the list
2018-03-14 22:11:36 [INFO ] [GetDataFromExcel] - [medicalQuestionsLookup] (Error) We did not find the question you specified on the list
2018-03-15 11:51:42 [INFO ] [GetDataFromExcel] - [medicalQuestionsLookup] (Error) We did not find the question you specified on the list
2018-03-15 11:52:34 [INFO ] [TestBase] - [getBrowserObject] Chrome
2018-03-15 11:52:54 [INFO ] [TestBase] - [before] Chrome
2018-03-15 11:55:27 [INFO ] [GetDataFromExcel] - [medicalQuestionsLookup] (Error) We did not find the question you specified on the list
2018-03-15 11:56:01 [INFO ] [TestBase] - [getBrowserObject] Chrome
2018-03-15 11:56:20 [INFO ] [TestBase] - [before] Chrome
2018-03-15 12:01:55 [INFO ] [GetDataFromExcel] - [medicalQuestionsLookup] (Error) We did not find the question you specified on the list
2018-03-15 12:02:02 [INFO ] [TestBase] - [getBrowserObject] Chrome
2018-03-15 12:03:03 [INFO ] [TestBase] - [before] Chrome
2018-03-15 12:10:57 [INFO ] [GetDataFromExcel] - [medicalQuestionsLookup] (Error) We did not find the question you specified on the list
2018-03-15 12:11:36 [INFO ] [TestBase] - [getBrowserObject] Chrome
2018-03-15 12:13:14 [INFO ] [TestBase] - [before] Chrome
2018-03-15 12:20:32 [INFO ] [GetDataFromExcel] - [medicalQuestionsLookup] (Error) We did not find the question you specified on the list
2018-03-15 12:20:44 [INFO ] [TestBase] - [getBrowserObject] Chrome
2018-03-15 12:21:16 [INFO ] [TestBase] - [before] Chrome
2018-03-15 12:29:13 [INFO ] [GetDataFromExcel] - [medicalQuestionsLookup] (Error) We did not find the question you specified on the list
2018-03-15 12:31:39 [INFO ] [TestBase] - [getBrowserObject] Chrome
2018-03-15 12:31:59 [INFO ] [TestBase] - [before] Chrome
2018-03-15 13:20:53 [INFO ] [GetDataFromExcel] - [medicalQuestionsLookup] (Error) We did not find the question you specified on the list
2018-03-15 13:21:14 [INFO ] [TestBase] - [getBrowserObject] Chrome
2018-03-15 13:21:56 [INFO ] [TestBase] - [before] Chrome
2018-03-15 13:39:28 [INFO ] [GetDataFromExcel] - [medicalQuestionsLookup] (Error) We did not find the question you specified on the list
2018-03-15 13:39:28 [INFO ] [TestBase] - [getBrowserObject] Chrome
2018-03-15 13:39:43 [INFO ] [TestBase] - [before] Chrome
2018-03-15 13:39:50 [INFO ] [TestBase] - [after] 
2018-03-15 13:40:13 [INFO ] [GetDataFromExcel] - [medicalQuestionsLookup] (Error) We did not find the question you specified on the list
2018-03-15 13:40:13 [INFO ] [TestBase] - [getBrowserObject] Chrome
2018-03-15 13:40:29 [INFO ] [TestBase] - [before] Chrome
2018-03-15 13:40:48 [INFO ] [TestBase] - [after] 
2018-03-15 13:42:18 [INFO ] [GetDataFromExcel] - [medicalQuestionsLookup] (Error) We did not find the question you specified on the list
2018-03-15 13:42:26 [INFO ] [TestBase] - [getBrowserObject] Chrome
2018-03-15 13:42:56 [INFO ] [TestBase] - [before] Chrome
2018-03-15 13:45:19 [INFO ] [GetDataFromExcel] - [medicalQuestionsLookup] (Error) We did not find the question you specified on the list
2018-03-15 13:45:57 [INFO ] [TestBase] - [getBrowserObject] Chrome
2018-03-15 13:47:45 [INFO ] [GetDataFromExcel] - [medicalQuestionsLookup] (Error) We did not find the question you specified on the list
2018-03-15 13:49:24 [INFO ] [TestBase] - [getBrowserObject] Chrome
2018-03-15 13:49:48 [INFO ] [TestBase] - [before] Chrome
2018-03-15 13:57:15 [INFO ] [GetDataFromExcel] - [medicalQuestionsLookup] (Error) We did not find the question you specified on the list
2018-03-15 13:58:22 [INFO ] [TestBase] - [getBrowserObject] Chrome
2018-03-15 13:58:38 [INFO ] [TestBase] - [before] Chrome
2018-03-15 14:05:34 [INFO ] [GetDataFromExcel] - [medicalQuestionsLookup] (Error) We did not find the question you specified on the list
2018-03-15 14:05:34 [INFO ] [TestBase] - [getBrowserObject] Chrome
2018-03-15 14:05:49 [INFO ] [TestBase] - [before] Chrome
2018-03-15 14:07:26 [INFO ] [GetDataFromExcel] - [medicalQuestionsLookup] (Error) We did not find the question you specified on the list
2018-03-15 14:07:26 [INFO ] [TestBase] - [getBrowserObject] Chrome
2018-03-15 14:07:39 [INFO ] [TestBase] - [before] Chrome
2018-03-15 14:15:36 [INFO ] [GetDataFromExcel] - [medicalQuestionsLookup] (Error) We did not find the question you specified on the list
2018-03-15 14:15:36 [INFO ] [TestBase] - [getBrowserObject] Chrome
2018-03-15 14:15:58 [INFO ] [TestBase] - [before] Chrome
2018-03-15 14:19:47 [INFO ] [GetDataFromExcel] - [medicalQuestionsLookup] (Error) We did not find the question you specified on the list
2018-03-15 14:19:47 [INFO ] [TestBase] - [getBrowserObject] Chrome
2018-03-15 14:20:01 [INFO ] [TestBase] - [before] Chrome
2018-03-15 14:22:16 [INFO ] [TestBase] - [after] 
2018-03-15 14:23:13 [INFO ] [GetDataFromExcel] - [medicalQuestionsLookup] (Error) We did not find the question you specified on the list
2018-03-15 14:23:13 [INFO ] [TestBase] - [getBrowserObject] Chrome
2018-03-15 14:23:30 [INFO ] [TestBase] - [before] Chrome
2018-03-15 14:27:38 [INFO ] [GetDataFromExcel] - [medicalQuestionsLookup] (Error) We did not find the question you specified on the list
2018-03-15 14:27:38 [INFO ] [TestBase] - [getBrowserObject] Chrome
2018-03-15 14:27:54 [INFO ] [TestBase] - [before] Chrome
2018-03-15 14:38:00 [INFO ] [GetDataFromExcel] - [medicalQuestionsLookup] (Error) We did not find the question you specified on the list
2018-03-15 14:38:00 [INFO ] [TestBase] - [getBrowserObject] Chrome
2018-03-15 14:38:15 [INFO ] [TestBase] - [before] Chrome
2018-03-15 14:42:02 [INFO ] [GetDataFromExcel] - [medicalQuestionsLookup] (Error) We did not find the question you specified on the list
2018-03-15 14:42:02 [INFO ] [TestBase] - [getBrowserObject] Chrome
2018-03-15 14:42:15 [INFO ] [TestBase] - [before] Chrome
2018-03-15 16:07:53 [INFO ] [GetDataFromExcel] - [medicalQuestionsLookup] (Error) We did not find the question you specified on the list
2018-03-15 16:07:53 [INFO ] [TestBase] - [getBrowserObject] Chrome
2018-03-15 16:08:09 [INFO ] [TestBase] - [before] Chrome
2018-03-15 16:08:43 [INFO ] [TestBase] - [after] 
2018-03-16 13:06:04 [INFO ] [GetDataFromExcel] - [medicalQuestionsLookup] (Error) We did not find the question you specified on the list
2018-03-16 13:06:04 [INFO ] [TestBase] - [getBrowserObject] Chrome
2018-03-16 13:06:24 [INFO ] [TestBase] - [before] Chrome
2018-03-16 13:06:32 [INFO ] [TestBase] - [after] 
2018-03-16 13:08:54 [INFO ] [GetDataFromExcel] - [medicalQuestionsLookup] (Error) We did not find the question you specified on the list
2018-03-16 13:08:54 [INFO ] [TestBase] - [getBrowserObject] Chrome
2018-03-16 13:09:14 [INFO ] [TestBase] - [before] Chrome
2018-03-16 13:09:39 [INFO ] [TestBase] - [after] 
2018-03-16 13:11:50 [INFO ] [GetDataFromExcel] - [medicalQuestionsLookup] (Error) We did not find the question you specified on the list
2018-03-16 13:11:50 [INFO ] [TestBase] - [getBrowserObject] Chrome
2018-03-16 13:12:09 [INFO ] [TestBase] - [before] Chrome
2018-03-16 13:13:59 [INFO ] [GetDataFromExcel] - [medicalQuestionsLookup] (Error) We did not find the question you specified on the list
2018-03-16 13:13:59 [INFO ] [TestBase] - [getBrowserObject] Chrome
2018-03-16 13:14:19 [INFO ] [TestBase] - [before] Chrome
2018-03-16 13:14:28 [INFO ] [TestBase] - [after] 
2018-03-16 13:14:54 [INFO ] [GetDataFromExcel] - [medicalQuestionsLookup] (Error) We did not find the question you specified on the list
2018-03-16 13:15:19 [INFO ] [TestBase] - [getBrowserObject] Chrome
2018-03-16 13:16:19 [INFO ] [TestBase] - [before] Chrome
2018-03-16 13:18:49 [INFO ] [GetDataFromExcel] - [medicalQuestionsLookup] (Error) We did not find the question you specified on the list
2018-03-16 13:18:49 [INFO ] [TestBase] - [getBrowserObject] Chrome
2018-03-16 13:19:08 [INFO ] [TestBase] - [before] Chrome
2018-03-16 13:19:16 [INFO ] [TestBase] - [after] 
2018-03-16 13:22:45 [INFO ] [GetDataFromExcel] - [medicalQuestionsLookup] (Error) We did not find the question you specified on the list
2018-03-16 13:22:53 [INFO ] [TestBase] - [getBrowserObject] Chrome
2018-03-16 13:23:13 [INFO ] [TestBase] - [before] Chrome
2018-03-16 13:25:03 [INFO ] [GetDataFromExcel] - [medicalQuestionsLookup] (Error) We did not find the question you specified on the list
2018-03-16 13:25:03 [INFO ] [TestBase] - [getBrowserObject] Chrome
2018-03-16 13:25:28 [INFO ] [TestBase] - [before] Chrome
2018-03-16 13:37:25 [INFO ] [GetDataFromExcel] - [medicalQuestionsLookup] (Error) We did not find the question you specified on the list
2018-03-16 13:37:25 [INFO ] [TestBase] - [getBrowserObject] Chrome
2018-03-16 13:37:47 [INFO ] [TestBase] - [before] Chrome
2018-03-16 14:49:14 [INFO ] [GetDataFromExcel] - [medicalQuestionsLookup] (Error) We did not find the question you specified on the list
2018-03-16 14:49:14 [INFO ] [TestBase] - [getBrowserObject] Chrome
2018-03-16 14:49:35 [INFO ] [TestBase] - [before] Chrome
2018-03-16 14:58:18 [INFO ] [GetDataFromExcel] - [medicalQuestionsLookup] (Error) We did not find the question you specified on the list
2018-03-16 14:58:18 [INFO ] [TestBase] - [getBrowserObject] Chrome
2018-03-16 14:58:36 [INFO ] [TestBase] - [before] Chrome
2018-03-16 15:04:17 [INFO ] [GetDataFromExcel] - [medicalQuestionsLookup] (Error) We did not find the question you specified on the list
2018-03-16 15:04:17 [INFO ] [TestBase] - [getBrowserObject] Chrome
2018-03-16 15:06:39 [INFO ] [TestBase] - [before] Chrome
2018-03-16 15:08:25 [INFO ] [TestBase] - [after] 
2018-03-16 15:46:32 [INFO ] [GetDataFromExcel] - [medicalQuestionsLookup] (Error) We did not find the question you specified on the list
2018-03-16 15:46:32 [INFO ] [TestBase] - [getBrowserObject] Chrome
2018-03-16 15:46:52 [INFO ] [TestBase] - [before] Chrome
2018-03-16 15:48:28 [INFO ] [GetDataFromExcel] - [medicalQuestionsLookup] (Error) We did not find the question you specified on the list
2018-03-16 15:48:28 [INFO ] [TestBase] - [getBrowserObject] Chrome
2018-03-16 15:48:45 [INFO ] [TestBase] - [before] Chrome
2018-03-16 15:54:19 [INFO ] [TestBase] - [after] 
2018-03-16 15:54:19 [INFO ] [GetDataFromExcel] - [medicalQuestionsLookup] (Error) We did not find the question you specified on the list
2018-03-16 15:54:19 [INFO ] [TestBase] - [getBrowserObject] Chrome
2018-03-16 15:54:45 [INFO ] [GetDataFromExcel] - [medicalQuestionsLookup] (Error) We did not find the question you specified on the list
2018-03-16 15:54:45 [INFO ] [TestBase] - [getBrowserObject] Chrome
2018-03-16 15:55:02 [INFO ] [TestBase] - [before] Chrome
2018-03-16 15:56:39 [INFO ] [GetDataFromExcel] - [medicalQuestionsLookup] (Error) We did not find the question you specified on the list
2018-03-16 15:56:39 [INFO ] [TestBase] - [getBrowserObject] Chrome
2018-03-16 15:56:59 [INFO ] [TestBase] - [before] Chrome
2018-03-16 15:57:44 [INFO ] [TestBase] - [after] 
2018-03-16 16:01:07 [INFO ] [GetDataFromExcel] - [medicalQuestionsLookup] (Error) We did not find the question you specified on the list
2018-03-16 16:01:07 [INFO ] [TestBase] - [getBrowserObject] Chrome
2018-03-16 16:01:23 [INFO ] [TestBase] - [before] Chrome
2018-03-16 16:01:30 [INFO ] [WaitHelper] - [waitForElement] element found...LOG IN
2018-03-16 16:01:32 [INFO ] [WaitHelper] - [waitForElement] element found...LOG IN
2018-03-16 16:02:00 [INFO ] [TestBase] - [after] 
2018-03-19 11:00:01 [INFO ] [GetDataFromExcel] - [medicalQuestionsLookup] (Error) We did not find the question you specified on the list
2018-03-19 11:00:01 [INFO ] [TestBase] - [getBrowserObject] Chrome
2018-03-19 11:00:27 [INFO ] [TestBase] - [before] Chrome
2018-03-19 11:00:40 [INFO ] [WaitHelper] - [waitForElement] element found...LOG IN
2018-03-19 11:00:55 [INFO ] [WaitHelper] - [waitForElement] element found...LOG IN
2018-03-19 11:01:48 [INFO ] [GenericHelper] - [isDisplayed] org.openqa.selenium.NoSuchElementException: no such element: Unable to locate element: {"method":"xpath","selector":"//*[@id='controlTestFlag']/div[1]/div/div/div[1]/h3[1]"}
  (Session info: chrome=63.0.3239.132)
  (Driver info: chromedriver=2.35.528161 (5b82f2d2aae0ca24b877009200ced9065a772e73),platform=Windows NT 10.0.10586 x86_64) (WARNING: The server did not provide any stacktrace information)
Command duration or timeout: 20.08 seconds
For documentation on this error, please visit: http://seleniumhq.org/exceptions/no_such_element.html
Build info: version: '2.53.1', revision: 'a36b8b1cd5757287168e54b817830adce9b0158d', time: '2016-06-30 19:26:09'
System info: host: 'da004665', ip: '10.11.29.35', os.name: 'Windows 10', os.arch: 'x86', os.version: '10.0', java.version: '1.8.0_121'
Driver info: org.openqa.selenium.chrome.ChromeDriver
Capabilities [{applicationCacheEnabled=false, rotatable=false, mobileEmulationEnabled=false, networkConnectionEnabled=false, chrome={chromedriverVersion=2.35.528161 (5b82f2d2aae0ca24b877009200ced9065a772e73), userDataDir=C:\Users\abhijit1\AppData\Local\Temp\scoped_dir17732_14137}, takesHeapSnapshot=true, pageLoadStrategy=normal, databaseEnabled=false, handlesAlerts=true, hasTouchScreen=false, version=63.0.3239.132, platform=XP, browserConnectionEnabled=false, nativeEvents=true, acceptSslCerts=false, acceptInsecureCerts=false, locationContextEnabled=true, webStorageEnabled=true, browserName=chrome, takesScreenshot=true, javascriptEnabled=true, cssSelectorsEnabled=true, setWindowRect=true, unexpectedAlertBehaviour=}]
Session ID: 698aac976162c041b8844a1463d44d73
*** Element info: {Using=xpath, value=//*[@id='controlTestFlag']/div[1]/div/div/div[1]/h3[1]}
2018-03-19 11:02:13 [INFO ] [TestBase] - [after] 
2018-03-19 11:04:21 [INFO ] [GetDataFromExcel] - [medicalQuestionsLookup] (Error) We did not find the question you specified on the list
2018-03-19 11:04:21 [INFO ] [TestBase] - [getBrowserObject] Chrome
2018-03-19 11:04:34 [INFO ] [TestBase] - [before] Chrome
2018-03-19 11:04:41 [INFO ] [WaitHelper] - [waitForElement] element found...LOG IN
2018-03-19 11:04:42 [INFO ] [WaitHelper] - [waitForElement] element found...LOG IN
2018-03-19 11:04:50 [INFO ] [GenericHelper] - [isDisplayed] element is displayed..[[ChromeDriver: chrome on XP (69d897e2f3ff2d30375f9320853fea41)] -> xpath: //*[@id='controlTestFlag']/div[1]/div/div/div[1]/h3[1]]
2018-03-19 11:04:50 [INFO ] [LoginToAutomationPractices] - [verifyUserLoginSuccessfully] login test is pass
2018-03-19 11:04:55 [INFO ] [TestBase] - [after] 
2018-03-19 11:07:33 [INFO ] [GetDataFromExcel] - [medicalQuestionsLookup] (Error) We did not find the question you specified on the list
2018-03-19 11:07:33 [INFO ] [TestBase] - [getBrowserObject] Chrome
2018-03-19 11:07:52 [INFO ] [TestBase] - [before] Chrome
2018-03-19 11:07:58 [INFO ] [WaitHelper] - [waitForElement] element found...LOG IN
2018-03-19 11:08:00 [INFO ] [WaitHelper] - [waitForElement] element found...LOG IN
2018-03-19 11:08:29 [INFO ] [GenericHelper] - [isDisplayed] org.openqa.selenium.NoSuchElementException: no such element: Unable to locate element: {"method":"xpath","selector":"//*[@id='controlTestFlag']/div[1]/div/div/div[1]/h3[12]"}
  (Session info: chrome=63.0.3239.132)
  (Driver info: chromedriver=2.35.528161 (5b82f2d2aae0ca24b877009200ced9065a772e73),platform=Windows NT 10.0.10586 x86_64) (WARNING: The server did not provide any stacktrace information)
Command duration or timeout: 20.04 seconds
For documentation on this error, please visit: http://seleniumhq.org/exceptions/no_such_element.html
Build info: version: '2.53.1', revision: 'a36b8b1cd5757287168e54b817830adce9b0158d', time: '2016-06-30 19:26:09'
System info: host: 'da004665', ip: '10.11.29.35', os.name: 'Windows 10', os.arch: 'x86', os.version: '10.0', java.version: '1.8.0_121'
Driver info: org.openqa.selenium.chrome.ChromeDriver
Capabilities [{applicationCacheEnabled=false, rotatable=false, mobileEmulationEnabled=false, networkConnectionEnabled=false, chrome={chromedriverVersion=2.35.528161 (5b82f2d2aae0ca24b877009200ced9065a772e73), userDataDir=C:\Users\abhijit1\AppData\Local\Temp\scoped_dir16652_6704}, takesHeapSnapshot=true, pageLoadStrategy=normal, databaseEnabled=false, handlesAlerts=true, hasTouchScreen=false, version=63.0.3239.132, platform=XP, browserConnectionEnabled=false, nativeEvents=true, acceptSslCerts=false, acceptInsecureCerts=false, locationContextEnabled=true, webStorageEnabled=true, browserName=chrome, takesScreenshot=true, javascriptEnabled=true, cssSelectorsEnabled=true, setWindowRect=true, unexpectedAlertBehaviour=}]
Session ID: 374754ab8b5c1b49c54d702afe8165e3
*** Element info: {Using=xpath, value=//*[@id='controlTestFlag']/div[1]/div/div/div[1]/h3[12]}
2018-03-19 11:08:35 [INFO ] [TestBase] - [after] 
2018-03-19 11:17:26 [INFO ] [GetDataFromExcel] - [medicalQuestionsLookup] (Error) We did not find the question you specified on the list
2018-03-19 11:17:26 [INFO ] [TestBase] - [getBrowserObject] Chrome
2018-03-19 11:17:42 [INFO ] [TestBase] - [before] Chrome
2018-03-19 11:18:03 [INFO ] [WaitHelper] - [waitForElement] element found...LOG IN
2018-03-19 11:18:16 [INFO ] [WaitHelper] - [waitForElement] element found...LOG IN
2018-03-19 11:19:27 [INFO ] [GenericHelper] - [isDisplayed] org.openqa.selenium.NoSuchElementException: no such element: Unable to locate element: {"method":"xpath","selector":"//*[@id='controlTestFlag']/div[1]/div/div/div[1]/h3[12]"}
  (Session info: chrome=63.0.3239.132)
  (Driver info: chromedriver=2.35.528161 (5b82f2d2aae0ca24b877009200ced9065a772e73),platform=Windows NT 10.0.10586 x86_64) (WARNING: The server did not provide any stacktrace information)
Command duration or timeout: 20.03 seconds
For documentation on this error, please visit: http://seleniumhq.org/exceptions/no_such_element.html
Build info: version: '2.53.1', revision: 'a36b8b1cd5757287168e54b817830adce9b0158d', time: '2016-06-30 19:26:09'
System info: host: 'da004665', ip: '10.11.29.35', os.name: 'Windows 10', os.arch: 'x86', os.version: '10.0', java.version: '1.8.0_121'
Driver info: org.openqa.selenium.chrome.ChromeDriver
Capabilities [{applicationCacheEnabled=false, rotatable=false, mobileEmulationEnabled=false, networkConnectionEnabled=false, chrome={chromedriverVersion=2.35.528161 (5b82f2d2aae0ca24b877009200ced9065a772e73), userDataDir=C:\Users\abhijit1\AppData\Local\Temp\scoped_dir14648_17135}, takesHeapSnapshot=true, pageLoadStrategy=normal, databaseEnabled=false, handlesAlerts=true, hasTouchScreen=false, version=63.0.3239.132, platform=XP, browserConnectionEnabled=false, nativeEvents=true, acceptSslCerts=false, acceptInsecureCerts=false, locationContextEnabled=true, webStorageEnabled=true, browserName=chrome, takesScreenshot=true, javascriptEnabled=true, cssSelectorsEnabled=true, setWindowRect=true, unexpectedAlertBehaviour=}]
Session ID: 96ff0a72fdd2205fcb08c8817b43fa65
*** Element info: {Using=xpath, value=//*[@id='controlTestFlag']/div[1]/div/div/div[1]/h3[12]}
2018-03-19 11:21:47 [INFO ] [TestBase] - [after] 
2018-03-19 12:07:59 [INFO ] [GetDataFromExcel] - [medicalQuestionsLookup] (Error) We did not find the question you specified on the list
2018-03-19 12:07:59 [INFO ] [TestBase] - [getBrowserObject] Chrome
2018-03-19 12:08:14 [INFO ] [TestBase] - [before] Chrome
2018-03-19 12:08:23 [INFO ] [WaitHelper] - [waitForElement] element found...LOG IN
2018-03-19 12:08:25 [INFO ] [WaitHelper] - [waitForElement] element found...LOG IN
2018-03-19 12:08:58 [INFO ] [GenericHelper] - [isDisplayed] org.openqa.selenium.NoSuchElementException: no such element: Unable to locate element: {"method":"xpath","selector":"//*[@id='controlTestFlag']/div[1]/div/div/div[1]/h3[12]"}
  (Session info: chrome=63.0.3239.132)
  (Driver info: chromedriver=2.35.528161 (5b82f2d2aae0ca24b877009200ced9065a772e73),platform=Windows NT 10.0.10586 x86_64) (WARNING: The server did not provide any stacktrace information)
Command duration or timeout: 20.12 seconds
For documentation on this error, please visit: http://seleniumhq.org/exceptions/no_such_element.html
Build info: version: '2.53.1', revision: 'a36b8b1cd5757287168e54b817830adce9b0158d', time: '2016-06-30 19:26:09'
System info: host: 'da004665', ip: '10.11.29.35', os.name: 'Windows 10', os.arch: 'x86', os.version: '10.0', java.version: '1.8.0_121'
Driver info: org.openqa.selenium.chrome.ChromeDriver
Capabilities [{applicationCacheEnabled=false, rotatable=false, mobileEmulationEnabled=false, networkConnectionEnabled=false, chrome={chromedriverVersion=2.35.528161 (5b82f2d2aae0ca24b877009200ced9065a772e73), userDataDir=C:\Users\abhijit1\AppData\Local\Temp\scoped_dir15500_18341}, takesHeapSnapshot=true, pageLoadStrategy=normal, databaseEnabled=false, handlesAlerts=true, hasTouchScreen=false, version=63.0.3239.132, platform=XP, browserConnectionEnabled=false, nativeEvents=true, acceptSslCerts=false, acceptInsecureCerts=false, locationContextEnabled=true, webStorageEnabled=true, browserName=chrome, takesScreenshot=true, javascriptEnabled=true, cssSelectorsEnabled=true, setWindowRect=true, unexpectedAlertBehaviour=}]
Session ID: 15c169b58c17416ba528f0b09462b698
*** Element info: {Using=xpath, value=//*[@id='controlTestFlag']/div[1]/div/div/div[1]/h3[12]}
2018-03-19 12:09:04 [INFO ] [TestBase] - [after] 
2018-03-19 12:09:04 [INFO ] [GetDataFromExcel] - [medicalQuestionsLookup] (Error) We did not find the question you specified on the list
2018-03-19 12:09:04 [INFO ] [TestBase] - [getBrowserObject] Chrome
2018-03-19 12:09:19 [INFO ] [TestBase] - [before] Chrome
2018-03-19 12:09:26 [INFO ] [WaitHelper] - [waitForElement] element found...LOG IN
2018-03-19 12:09:28 [INFO ] [WaitHelper] - [waitForElement] element found...LOG IN
2018-03-19 12:10:46 [INFO ] [TestBase] - [after] 
2018-03-19 12:33:01 [INFO ] [GetDataFromExcel] - [medicalQuestionsLookup] (Error) We did not find the question you specified on the list
2018-03-19 12:33:01 [INFO ] [TestBase] - [getBrowserObject] Chrome
2018-03-19 12:33:16 [INFO ] [TestBase] - [before] Chrome
2018-03-19 12:34:46 [INFO ] [TestBase] - [after] 
2018-03-19 12:34:46 [INFO ] [GetDataFromExcel] - [medicalQuestionsLookup] (Error) We did not find the question you specified on the list
2018-03-19 12:34:46 [INFO ] [TestBase] - [getBrowserObject] Chrome
2018-03-19 12:34:58 [INFO ] [TestBase] - [before] Chrome
2018-03-19 12:36:27 [INFO ] [TestBase] - [after] 
2018-03-19 13:04:29 [INFO ] [GetDataFromExcel] - [medicalQuestionsLookup] (Error) We did not find the question you specified on the list
2018-03-19 13:04:29 [INFO ] [TestBase] - [getBrowserObject] Chrome
2018-03-19 13:04:48 [INFO ] [TestBase] - [before] Chrome
2018-03-19 13:04:54 [INFO ] [WaitHelper] - [waitForElement] element found...LOG IN
2018-03-19 13:04:55 [INFO ] [WaitHelper] - [waitForElement] element found...LOG IN
2018-03-19 13:05:22 [INFO ] [GenericHelper] - [isDisplayed] org.openqa.selenium.NoSuchElementException: no such element: Unable to locate element: {"method":"xpath","selector":"//*[@id='controlTestFlag']/div[1]/div/div/div[1]/h3[12]"}
  (Session info: chrome=63.0.3239.132)
  (Driver info: chromedriver=2.35.528161 (5b82f2d2aae0ca24b877009200ced9065a772e73),platform=Windows NT 10.0.10586 x86_64) (WARNING: The server did not provide any stacktrace information)
Command duration or timeout: 20.06 seconds
For documentation on this error, please visit: http://seleniumhq.org/exceptions/no_such_element.html
Build info: version: '2.53.1', revision: 'a36b8b1cd5757287168e54b817830adce9b0158d', time: '2016-06-30 19:26:09'
System info: host: 'da004665', ip: '10.11.29.35', os.name: 'Windows 10', os.arch: 'x86', os.version: '10.0', java.version: '1.8.0_121'
Driver info: org.openqa.selenium.chrome.ChromeDriver
Capabilities [{applicationCacheEnabled=false, rotatable=false, mobileEmulationEnabled=false, networkConnectionEnabled=false, chrome={chromedriverVersion=2.35.528161 (5b82f2d2aae0ca24b877009200ced9065a772e73), userDataDir=C:\Users\abhijit1\AppData\Local\Temp\scoped_dir2132_11221}, takesHeapSnapshot=true, pageLoadStrategy=normal, databaseEnabled=false, handlesAlerts=true, hasTouchScreen=false, version=63.0.3239.132, platform=XP, browserConnectionEnabled=false, nativeEvents=true, acceptSslCerts=false, acceptInsecureCerts=false, locationContextEnabled=true, webStorageEnabled=true, browserName=chrome, takesScreenshot=true, javascriptEnabled=true, cssSelectorsEnabled=true, setWindowRect=true, unexpectedAlertBehaviour=}]
Session ID: 085cb42918e092f84c2d1321ccdb9fc6
*** Element info: {Using=xpath, value=//*[@id='controlTestFlag']/div[1]/div/div/div[1]/h3[12]}
2018-03-19 13:05:30 [INFO ] [TestBase] - [after] 
2018-03-19 13:05:30 [INFO ] [GetDataFromExcel] - [medicalQuestionsLookup] (Error) We did not find the question you specified on the list
2018-03-19 13:05:30 [INFO ] [TestBase] - [getBrowserObject] Chrome
2018-03-19 13:05:46 [INFO ] [TestBase] - [before] Chrome
2018-03-19 13:05:56 [INFO ] [WaitHelper] - [waitForElement] element found...LOG IN
2018-03-19 13:05:58 [INFO ] [WaitHelper] - [waitForElement] element found...LOG IN
2018-03-19 13:07:26 [INFO ] [TestBase] - [after] 
2018-03-19 13:52:25 [INFO ] [GetDataFromExcel] - [medicalQuestionsLookup] (Error) We did not find the question you specified on the list
2018-03-19 13:52:25 [INFO ] [TestBase] - [getBrowserObject] Chrome
2018-03-19 13:52:40 [INFO ] [TestBase] - [before] Chrome
2018-03-19 13:54:16 [INFO ] [WaitHelper] - [waitForElement] element found...LOG IN
2018-03-19 13:54:42 [INFO ] [WaitHelper] - [waitForElement] element found...LOG IN
2018-03-19 13:55:37 [INFO ] [GenericHelper] - [isDisplayed] org.openqa.selenium.NoSuchElementException: no such element: Unable to locate element: {"method":"xpath","selector":"//*[@id='controlTestFlag']/div[1]/div/div/div[1]/h3[12]"}
  (Session info: chrome=63.0.3239.132)
  (Driver info: chromedriver=2.35.528161 (5b82f2d2aae0ca24b877009200ced9065a772e73),platform=Windows NT 10.0.10586 x86_64) (WARNING: The server did not provide any stacktrace information)
Command duration or timeout: 20.07 seconds
For documentation on this error, please visit: http://seleniumhq.org/exceptions/no_such_element.html
Build info: version: '2.53.1', revision: 'a36b8b1cd5757287168e54b817830adce9b0158d', time: '2016-06-30 19:26:09'
System info: host: 'da004665', ip: '10.11.29.35', os.name: 'Windows 10', os.arch: 'x86', os.version: '10.0', java.version: '1.8.0_121'
Driver info: org.openqa.selenium.chrome.ChromeDriver
Capabilities [{applicationCacheEnabled=false, rotatable=false, mobileEmulationEnabled=false, networkConnectionEnabled=false, chrome={chromedriverVersion=2.35.528161 (5b82f2d2aae0ca24b877009200ced9065a772e73), userDataDir=C:\Users\abhijit1\AppData\Local\Temp\scoped_dir10252_24925}, takesHeapSnapshot=true, pageLoadStrategy=normal, databaseEnabled=false, handlesAlerts=true, hasTouchScreen=false, version=63.0.3239.132, platform=XP, browserConnectionEnabled=false, nativeEvents=true, acceptSslCerts=false, acceptInsecureCerts=false, locationContextEnabled=true, webStorageEnabled=true, browserName=chrome, takesScreenshot=true, javascriptEnabled=true, cssSelectorsEnabled=true, setWindowRect=true, unexpectedAlertBehaviour=}]
Session ID: 1e6ea61f9bda90aad55b1b1e469b324f
*** Element info: {Using=xpath, value=//*[@id='controlTestFlag']/div[1]/div/div/div[1]/h3[12]}
2018-03-19 13:56:41 [INFO ] [TestBase] - [after] 
2018-03-19 13:56:41 [INFO ] [GetDataFromExcel] - [medicalQuestionsLookup] (Error) We did not find the question you specified on the list
2018-03-19 13:56:41 [INFO ] [TestBase] - [getBrowserObject] Chrome
2018-03-19 13:56:52 [INFO ] [TestBase] - [before] Chrome
2018-03-19 13:57:20 [INFO ] [WaitHelper] - [waitForElement] element found...LOG IN
2018-03-19 13:57:23 [INFO ] [WaitHelper] - [waitForElement] element found...LOG IN
2018-03-19 14:00:11 [INFO ] [TestBase] - [after] 
2018-03-19 14:01:36 [INFO ] [GetDataFromExcel] - [medicalQuestionsLookup] (Error) We did not find the question you specified on the list
2018-03-19 14:01:36 [INFO ] [TestBase] - [getBrowserObject] Chrome
2018-03-19 14:01:52 [INFO ] [TestBase] - [before] Chrome
2018-03-19 14:02:04 [INFO ] [WaitHelper] - [waitForElement] element found...LOG IN
2018-03-19 14:02:06 [INFO ] [WaitHelper] - [waitForElement] element found...LOG IN
2018-03-19 14:02:33 [INFO ] [GenericHelper] - [isDisplayed] org.openqa.selenium.NoSuchElementException: no such element: Unable to locate element: {"method":"xpath","selector":"//*[@id='controlTestFlag']/div[1]/div/div/div[1]/h3[12]"}
  (Session info: chrome=63.0.3239.132)
  (Driver info: chromedriver=2.35.528161 (5b82f2d2aae0ca24b877009200ced9065a772e73),platform=Windows NT 10.0.10586 x86_64) (WARNING: The server did not provide any stacktrace information)
Command duration or timeout: 20.07 seconds
For documentation on this error, please visit: http://seleniumhq.org/exceptions/no_such_element.html
Build info: version: '2.53.1', revision: 'a36b8b1cd5757287168e54b817830adce9b0158d', time: '2016-06-30 19:26:09'
System info: host: 'da004665', ip: '10.11.29.35', os.name: 'Windows 10', os.arch: 'x86', os.version: '10.0', java.version: '1.8.0_121'
Driver info: org.openqa.selenium.chrome.ChromeDriver
Capabilities [{applicationCacheEnabled=false, rotatable=false, mobileEmulationEnabled=false, networkConnectionEnabled=false, chrome={chromedriverVersion=2.35.528161 (5b82f2d2aae0ca24b877009200ced9065a772e73), userDataDir=C:\Users\abhijit1\AppData\Local\Temp\scoped_dir18060_10646}, takesHeapSnapshot=true, pageLoadStrategy=normal, databaseEnabled=false, handlesAlerts=true, hasTouchScreen=false, version=63.0.3239.132, platform=XP, browserConnectionEnabled=false, nativeEvents=true, acceptSslCerts=false, acceptInsecureCerts=false, locationContextEnabled=true, webStorageEnabled=true, browserName=chrome, takesScreenshot=true, javascriptEnabled=true, cssSelectorsEnabled=true, setWindowRect=true, unexpectedAlertBehaviour=}]
Session ID: 6896da356b1d546d8afa799cf84b7e4c
*** Element info: {Using=xpath, value=//*[@id='controlTestFlag']/div[1]/div/div/div[1]/h3[12]}
2018-03-19 14:02:41 [INFO ] [TestBase] - [after] 
2018-03-19 14:02:41 [INFO ] [GetDataFromExcel] - [medicalQuestionsLookup] (Error) We did not find the question you specified on the list
2018-03-19 14:02:41 [INFO ] [TestBase] - [getBrowserObject] Chrome
2018-03-19 14:02:52 [INFO ] [TestBase] - [before] Chrome
2018-03-19 14:02:57 [INFO ] [WaitHelper] - [waitForElement] element found...LOG IN
2018-03-19 14:02:59 [INFO ] [WaitHelper] - [waitForElement] element found...LOG IN
2018-03-19 14:04:13 [INFO ] [TestBase] - [after] 
2018-03-19 14:27:47 [INFO ] [GetDataFromExcel] - [medicalQuestionsLookup] (Error) We did not find the question you specified on the list
2018-03-19 14:27:47 [INFO ] [TestBase] - [getBrowserObject] Chrome
2018-03-19 14:28:06 [INFO ] [TestBase] - [before] Chrome
2018-03-19 14:28:40 [INFO ] [WaitHelper] - [waitForElement] element found...LOG IN
2018-03-19 14:29:41 [INFO ] [WaitHelper] - [waitForElement] element found...LOG IN
2018-03-19 14:31:11 [INFO ] [GenericHelper] - [isDisplayed] org.openqa.selenium.NoSuchElementException: no such element: Unable to locate element: {"method":"xpath","selector":"//*[@id='controlTestFlag']/div[1]/div/div/div[1]/h3[12]"}
  (Session info: chrome=63.0.3239.132)
  (Driver info: chromedriver=2.35.528161 (5b82f2d2aae0ca24b877009200ced9065a772e73),platform=Windows NT 10.0.10586 x86_64) (WARNING: The server did not provide any stacktrace information)
Command duration or timeout: 20.01 seconds
For documentation on this error, please visit: http://seleniumhq.org/exceptions/no_such_element.html
Build info: version: '2.53.1', revision: 'a36b8b1cd5757287168e54b817830adce9b0158d', time: '2016-06-30 19:26:09'
System info: host: 'da004665', ip: '10.11.29.35', os.name: 'Windows 10', os.arch: 'x86', os.version: '10.0', java.version: '1.8.0_121'
Driver info: org.openqa.selenium.chrome.ChromeDriver
Capabilities [{applicationCacheEnabled=false, rotatable=false, mobileEmulationEnabled=false, networkConnectionEnabled=false, chrome={chromedriverVersion=2.35.528161 (5b82f2d2aae0ca24b877009200ced9065a772e73), userDataDir=C:\Users\abhijit1\AppData\Local\Temp\scoped_dir11500_25102}, takesHeapSnapshot=true, pageLoadStrategy=normal, databaseEnabled=false, handlesAlerts=true, hasTouchScreen=false, version=63.0.3239.132, platform=XP, browserConnectionEnabled=false, nativeEvents=true, acceptSslCerts=false, acceptInsecureCerts=false, locationContextEnabled=true, webStorageEnabled=true, browserName=chrome, takesScreenshot=true, javascriptEnabled=true, cssSelectorsEnabled=true, setWindowRect=true, unexpectedAlertBehaviour=}]
Session ID: 55f1b07b4c7a8e3ad8820cf167175ec0
*** Element info: {Using=xpath, value=//*[@id='controlTestFlag']/div[1]/div/div/div[1]/h3[12]}
2018-03-19 14:31:57 [INFO ] [TestBase] - [after] 
2018-03-19 14:31:57 [INFO ] [GetDataFromExcel] - [medicalQuestionsLookup] (Error) We did not find the question you specified on the list
2018-03-19 14:31:57 [INFO ] [TestBase] - [getBrowserObject] Chrome
2018-03-19 14:32:12 [INFO ] [TestBase] - [before] Chrome
2018-03-19 14:32:18 [INFO ] [WaitHelper] - [waitForElement] element found...LOG IN
2018-03-19 14:33:09 [INFO ] [WaitHelper] - [waitForElement] element found...LOG IN
2018-03-19 15:24:09 [INFO ] [GetDataFromExcel] - [medicalQuestionsLookup] (Error) We did not find the question you specified on the list
2018-03-19 15:24:09 [INFO ] [TestBase] - [getBrowserObject] Chrome
2018-03-19 15:24:25 [INFO ] [TestBase] - [before] Chrome
2018-03-19 15:27:09 [INFO ] [WaitHelper] - [waitForElement] element found...LOG IN
2018-03-19 15:28:41 [INFO ] [WaitHelper] - [waitForElement] element found...LOG IN
2018-03-19 15:30:06 [INFO ] [GenericHelper] - [isDisplayed] org.openqa.selenium.NoSuchElementException: no such element: Unable to locate element: {"method":"xpath","selector":"//*[@id='controlTestFlag']/div[1]/div/div/div[1]/h3[12]"}
  (Session info: chrome=63.0.3239.132)
  (Driver info: chromedriver=2.35.528161 (5b82f2d2aae0ca24b877009200ced9065a772e73),platform=Windows NT 10.0.10586 x86_64) (WARNING: The server did not provide any stacktrace information)
Command duration or timeout: 20.04 seconds
For documentation on this error, please visit: http://seleniumhq.org/exceptions/no_such_element.html
Build info: version: '2.53.1', revision: 'a36b8b1cd5757287168e54b817830adce9b0158d', time: '2016-06-30 19:26:09'
System info: host: 'da004665', ip: '10.11.29.35', os.name: 'Windows 10', os.arch: 'x86', os.version: '10.0', java.version: '1.8.0_121'
Driver info: org.openqa.selenium.chrome.ChromeDriver
Capabilities [{applicationCacheEnabled=false, rotatable=false, mobileEmulationEnabled=false, networkConnectionEnabled=false, chrome={chromedriverVersion=2.35.528161 (5b82f2d2aae0ca24b877009200ced9065a772e73), userDataDir=C:\Users\abhijit1\AppData\Local\Temp\scoped_dir3236_31465}, takesHeapSnapshot=true, pageLoadStrategy=normal, databaseEnabled=false, handlesAlerts=true, hasTouchScreen=false, version=63.0.3239.132, platform=XP, browserConnectionEnabled=false, nativeEvents=true, acceptSslCerts=false, acceptInsecureCerts=false, locationContextEnabled=true, webStorageEnabled=true, browserName=chrome, takesScreenshot=true, javascriptEnabled=true, cssSelectorsEnabled=true, setWindowRect=true, unexpectedAlertBehaviour=}]
Session ID: 7f1ad335ad2d7ecbbb910659755faa0d
*** Element info: {Using=xpath, value=//*[@id='controlTestFlag']/div[1]/div/div/div[1]/h3[12]}
2018-03-19 15:30:34 [INFO ] [TestBase] - [after] 
2018-03-19 15:30:34 [INFO ] [GetDataFromExcel] - [medicalQuestionsLookup] (Error) We did not find the question you specified on the list
2018-03-19 15:30:34 [INFO ] [TestBase] - [getBrowserObject] Chrome
2018-03-19 15:30:48 [INFO ] [TestBase] - [before] Chrome
2018-03-19 15:31:19 [INFO ] [WaitHelper] - [waitForElement] element found...LOG IN
2018-03-19 15:32:43 [INFO ] [WaitHelper] - [waitForElement] element found...LOG IN
2018-03-19 15:37:28 [INFO ] [GetDataFromExcel] - [medicalQuestionsLookup] (Error) We did not find the question you specified on the list
2018-03-19 15:37:28 [INFO ] [TestBase] - [getBrowserObject] Chrome
2018-03-19 15:37:45 [INFO ] [TestBase] - [before] Chrome
2018-03-19 15:52:42 [INFO ] [WaitHelper] - [waitForElement] element found...LOG IN
2018-03-19 15:54:03 [INFO ] [WaitHelper] - [waitForElement] element found...LOG IN
2018-03-19 15:56:36 [INFO ] [GetDataFromExcel] - [medicalQuestionsLookup] (Error) We did not find the question you specified on the list
2018-03-19 15:56:36 [INFO ] [TestBase] - [getBrowserObject] Chrome
2018-03-19 15:56:51 [INFO ] [TestBase] - [before] Chrome
2018-03-19 15:58:08 [INFO ] [GetDataFromExcel] - [medicalQuestionsLookup] (Error) We did not find the question you specified on the list
2018-03-19 15:58:09 [INFO ] [TestBase] - [getBrowserObject] Chrome
2018-03-19 15:58:22 [INFO ] [TestBase] - [before] Chrome
2018-03-19 15:59:04 [INFO ] [WaitHelper] - [waitForElement] element found...LOG IN
2018-03-19 16:02:26 [INFO ] [GenericHelper] - [isDisplayed] org.openqa.selenium.NoSuchElementException: no such element: Unable to locate element: {"method":"xpath","selector":"//*[@id='controlTestFlag']/div[1]/div/div/div[1]/h3[12]"}
  (Session info: chrome=63.0.3239.132)
  (Driver info: chromedriver=2.35.528161 (5b82f2d2aae0ca24b877009200ced9065a772e73),platform=Windows NT 10.0.10586 x86_64) (WARNING: The server did not provide any stacktrace information)
Command duration or timeout: 20.05 seconds
For documentation on this error, please visit: http://seleniumhq.org/exceptions/no_such_element.html
Build info: version: '2.53.1', revision: 'a36b8b1cd5757287168e54b817830adce9b0158d', time: '2016-06-30 19:26:09'
System info: host: 'da004665', ip: '10.11.29.35', os.name: 'Windows 10', os.arch: 'x86', os.version: '10.0', java.version: '1.8.0_121'
Driver info: org.openqa.selenium.chrome.ChromeDriver
Capabilities [{applicationCacheEnabled=false, rotatable=false, mobileEmulationEnabled=false, networkConnectionEnabled=false, chrome={chromedriverVersion=2.35.528161 (5b82f2d2aae0ca24b877009200ced9065a772e73), userDataDir=C:\Users\abhijit1\AppData\Local\Temp\scoped_dir17532_25659}, takesHeapSnapshot=true, pageLoadStrategy=normal, databaseEnabled=false, handlesAlerts=true, hasTouchScreen=false, version=63.0.3239.132, platform=XP, browserConnectionEnabled=false, nativeEvents=true, acceptSslCerts=false, acceptInsecureCerts=false, locationContextEnabled=true, webStorageEnabled=true, browserName=chrome, takesScreenshot=true, javascriptEnabled=true, cssSelectorsEnabled=true, setWindowRect=true, unexpectedAlertBehaviour=}]
Session ID: 9cefeea063c63314e8ffa176313da0e5
*** Element info: {Using=xpath, value=//*[@id='controlTestFlag']/div[1]/div/div/div[1]/h3[12]}
2018-03-19 16:03:04 [INFO ] [TestBase] - [after] 
2018-03-19 16:03:04 [INFO ] [GetDataFromExcel] - [medicalQuestionsLookup] (Error) We did not find the question you specified on the list
2018-03-19 16:03:04 [INFO ] [TestBase] - [getBrowserObject] Chrome
2018-03-19 16:03:17 [INFO ] [TestBase] - [before] Chrome
2018-03-19 16:04:08 [INFO ] [WaitHelper] - [waitForElement] element found...LOG IN
2018-03-19 16:06:09 [INFO ] [GetDataFromExcel] - [medicalQuestionsLookup] (Error) We did not find the question you specified on the list
2018-03-19 16:06:09 [INFO ] [TestBase] - [getBrowserObject] Chrome
2018-03-19 16:06:22 [INFO ] [TestBase] - [before] Chrome
2018-03-19 17:11:30 [INFO ] [GetDataFromExcel] - [medicalQuestionsLookup] (Error) We did not find the question you specified on the list
2018-03-19 17:11:30 [INFO ] [TestBase] - [getBrowserObject] Chrome
2018-03-19 17:11:45 [INFO ] [TestBase] - [before] Chrome
2018-03-19 17:11:50 [INFO ] [WaitHelper] - [waitForElement] element found...LOG IN
2018-03-19 17:12:17 [INFO ] [GenericHelper] - [isDisplayed] org.openqa.selenium.NoSuchElementException: no such element: Unable to locate element: {"method":"xpath","selector":"//*[@id='controlTestFlag']/div[1]/div/div/div[1]/h3[12]"}
  (Session info: chrome=63.0.3239.132)
  (Driver info: chromedriver=2.35.528161 (5b82f2d2aae0ca24b877009200ced9065a772e73),platform=Windows NT 10.0.10586 x86_64) (WARNING: The server did not provide any stacktrace information)
Command duration or timeout: 20.12 seconds
For documentation on this error, please visit: http://seleniumhq.org/exceptions/no_such_element.html
Build info: version: '2.53.1', revision: 'a36b8b1cd5757287168e54b817830adce9b0158d', time: '2016-06-30 19:26:09'
System info: host: 'da004665', ip: '10.11.29.35', os.name: 'Windows 10', os.arch: 'x86', os.version: '10.0', java.version: '1.8.0_121'
Driver info: org.openqa.selenium.chrome.ChromeDriver
Capabilities [{applicationCacheEnabled=false, rotatable=false, mobileEmulationEnabled=false, networkConnectionEnabled=false, chrome={chromedriverVersion=2.35.528161 (5b82f2d2aae0ca24b877009200ced9065a772e73), userDataDir=C:\Users\abhijit1\AppData\Local\Temp\scoped_dir1284_9284}, takesHeapSnapshot=true, pageLoadStrategy=normal, databaseEnabled=false, handlesAlerts=true, hasTouchScreen=false, version=63.0.3239.132, platform=XP, browserConnectionEnabled=false, nativeEvents=true, acceptSslCerts=false, acceptInsecureCerts=false, locationContextEnabled=true, webStorageEnabled=true, browserName=chrome, takesScreenshot=true, javascriptEnabled=true, cssSelectorsEnabled=true, setWindowRect=true, unexpectedAlertBehaviour=}]
Session ID: 4f5bda07b72f23a1f51c8733e741a600
*** Element info: {Using=xpath, value=//*[@id='controlTestFlag']/div[1]/div/div/div[1]/h3[12]}
2018-03-19 17:12:27 [INFO ] [TestBase] - [after] 
2018-03-19 17:12:27 [INFO ] [GetDataFromExcel] - [medicalQuestionsLookup] (Error) We did not find the question you specified on the list
2018-03-19 17:12:27 [INFO ] [TestBase] - [getBrowserObject] Chrome
2018-03-19 17:12:38 [INFO ] [TestBase] - [before] Chrome
2018-03-19 17:12:44 [INFO ] [WaitHelper] - [waitForElement] element found...LOG IN
2018-03-19 17:13:16 [INFO ] [GenericHelper] - [isDisplayed] org.openqa.selenium.NoSuchElementException: no such element: Unable to locate element: {"method":"xpath","selector":"//*[@id='controlTestFlag']/div[1]/div/div/div[1]/h3[12]"}
  (Session info: chrome=63.0.3239.132)
  (Driver info: chromedriver=2.35.528161 (5b82f2d2aae0ca24b877009200ced9065a772e73),platform=Windows NT 10.0.10586 x86_64) (WARNING: The server did not provide any stacktrace information)
Command duration or timeout: 20.05 seconds
For documentation on this error, please visit: http://seleniumhq.org/exceptions/no_such_element.html
Build info: version: '2.53.1', revision: 'a36b8b1cd5757287168e54b817830adce9b0158d', time: '2016-06-30 19:26:09'
System info: host: 'da004665', ip: '10.11.29.35', os.name: 'Windows 10', os.arch: 'x86', os.version: '10.0', java.version: '1.8.0_121'
Driver info: org.openqa.selenium.chrome.ChromeDriver
Capabilities [{applicationCacheEnabled=false, rotatable=false, mobileEmulationEnabled=false, networkConnectionEnabled=false, chrome={chromedriverVersion=2.35.528161 (5b82f2d2aae0ca24b877009200ced9065a772e73), userDataDir=C:\Users\abhijit1\AppData\Local\Temp\scoped_dir13004_20017}, takesHeapSnapshot=true, pageLoadStrategy=normal, databaseEnabled=false, handlesAlerts=true, hasTouchScreen=false, version=63.0.3239.132, platform=XP, browserConnectionEnabled=false, nativeEvents=true, acceptSslCerts=false, acceptInsecureCerts=false, locationContextEnabled=true, webStorageEnabled=true, browserName=chrome, takesScreenshot=true, javascriptEnabled=true, cssSelectorsEnabled=true, setWindowRect=true, unexpectedAlertBehaviour=}]
Session ID: e11d7e676072f33a6527e8cceca4afce
*** Element info: {Using=xpath, value=//*[@id='controlTestFlag']/div[1]/div/div/div[1]/h3[12]}
2018-03-19 17:13:25 [INFO ] [TestBase] - [after] 
2018-03-19 17:15:55 [INFO ] [GetDataFromExcel] - [medicalQuestionsLookup] (Error) We did not find the question you specified on the list
2018-03-19 17:15:55 [INFO ] [TestBase] - [getBrowserObject] Chrome
2018-03-19 17:16:11 [INFO ] [TestBase] - [before] Chrome
2018-03-19 17:16:16 [INFO ] [WaitHelper] - [waitForElement] element found...LOG IN
2018-03-19 17:16:44 [INFO ] [GenericHelper] - [isDisplayed] org.openqa.selenium.NoSuchElementException: no such element: Unable to locate element: {"method":"xpath","selector":"//*[@id='controlTestFlag']/div[1]/div/div/div[1]/h3[12]"}
  (Session info: chrome=63.0.3239.132)
  (Driver info: chromedriver=2.35.528161 (5b82f2d2aae0ca24b877009200ced9065a772e73),platform=Windows NT 10.0.10586 x86_64) (WARNING: The server did not provide any stacktrace information)
Command duration or timeout: 20.07 seconds
For documentation on this error, please visit: http://seleniumhq.org/exceptions/no_such_element.html
Build info: version: '2.53.1', revision: 'a36b8b1cd5757287168e54b817830adce9b0158d', time: '2016-06-30 19:26:09'
System info: host: 'da004665', ip: '10.11.29.35', os.name: 'Windows 10', os.arch: 'x86', os.version: '10.0', java.version: '1.8.0_121'
Driver info: org.openqa.selenium.chrome.ChromeDriver
Capabilities [{applicationCacheEnabled=false, rotatable=false, mobileEmulationEnabled=false, networkConnectionEnabled=false, chrome={chromedriverVersion=2.35.528161 (5b82f2d2aae0ca24b877009200ced9065a772e73), userDataDir=C:\Users\abhijit1\AppData\Local\Temp\scoped_dir9668_30858}, takesHeapSnapshot=true, pageLoadStrategy=normal, databaseEnabled=false, handlesAlerts=true, hasTouchScreen=false, version=63.0.3239.132, platform=XP, browserConnectionEnabled=false, nativeEvents=true, acceptSslCerts=false, acceptInsecureCerts=false, locationContextEnabled=true, webStorageEnabled=true, browserName=chrome, takesScreenshot=true, javascriptEnabled=true, cssSelectorsEnabled=true, setWindowRect=true, unexpectedAlertBehaviour=}]
Session ID: 0093749b5e2550007820806fa272f077
*** Element info: {Using=xpath, value=//*[@id='controlTestFlag']/div[1]/div/div/div[1]/h3[12]}
2018-03-19 17:17:02 [INFO ] [TestBase] - [after] 
2018-03-19 17:17:02 [INFO ] [GetDataFromExcel] - [medicalQuestionsLookup] (Error) We did not find the question you specified on the list
2018-03-19 17:17:02 [INFO ] [TestBase] - [getBrowserObject] Chrome
2018-03-19 17:17:17 [INFO ] [TestBase] - [before] Chrome
2018-03-19 17:17:22 [INFO ] [WaitHelper] - [waitForElement] element found...LOG IN
2018-03-19 17:17:55 [INFO ] [GenericHelper] - [isDisplayed] org.openqa.selenium.NoSuchElementException: no such element: Unable to locate element: {"method":"xpath","selector":"//*[@id='controlTestFlag']/div[1]/div/div/div[1]/h3[12]"}
  (Session info: chrome=63.0.3239.132)
  (Driver info: chromedriver=2.35.528161 (5b82f2d2aae0ca24b877009200ced9065a772e73),platform=Windows NT 10.0.10586 x86_64) (WARNING: The server did not provide any stacktrace information)
Command duration or timeout: 20.05 seconds
For documentation on this error, please visit: http://seleniumhq.org/exceptions/no_such_element.html
Build info: version: '2.53.1', revision: 'a36b8b1cd5757287168e54b817830adce9b0158d', time: '2016-06-30 19:26:09'
System info: host: 'da004665', ip: '10.11.29.35', os.name: 'Windows 10', os.arch: 'x86', os.version: '10.0', java.version: '1.8.0_121'
Driver info: org.openqa.selenium.chrome.ChromeDriver
Capabilities [{applicationCacheEnabled=false, rotatable=false, mobileEmulationEnabled=false, networkConnectionEnabled=false, chrome={chromedriverVersion=2.35.528161 (5b82f2d2aae0ca24b877009200ced9065a772e73), userDataDir=C:\Users\abhijit1\AppData\Local\Temp\scoped_dir204_25735}, takesHeapSnapshot=true, pageLoadStrategy=normal, databaseEnabled=false, handlesAlerts=true, hasTouchScreen=false, version=63.0.3239.132, platform=XP, browserConnectionEnabled=false, nativeEvents=true, acceptSslCerts=false, acceptInsecureCerts=false, locationContextEnabled=true, webStorageEnabled=true, browserName=chrome, takesScreenshot=true, javascriptEnabled=true, cssSelectorsEnabled=true, setWindowRect=true, unexpectedAlertBehaviour=}]
Session ID: 5cfa790b981f1bd5eb30901f44719a1e
*** Element info: {Using=xpath, value=//*[@id='controlTestFlag']/div[1]/div/div/div[1]/h3[12]}
2018-03-19 17:18:13 [INFO ] [TestBase] - [after] 
2018-03-19 17:19:42 [INFO ] [GetDataFromExcel] - [medicalQuestionsLookup] (Error) We did not find the question you specified on the list
2018-03-19 17:19:42 [INFO ] [TestBase] - [getBrowserObject] Chrome
2018-03-19 17:19:56 [INFO ] [TestBase] - [before] Chrome
2018-03-19 17:20:02 [INFO ] [WaitHelper] - [waitForElement] element found...LOG IN
2018-03-19 17:20:29 [INFO ] [GenericHelper] - [isDisplayed] org.openqa.selenium.NoSuchElementException: no such element: Unable to locate element: {"method":"xpath","selector":"//*[@id='controlTestFlag']/div[1]/div/div/div[1]/h3[12]"}
  (Session info: chrome=63.0.3239.132)
  (Driver info: chromedriver=2.35.528161 (5b82f2d2aae0ca24b877009200ced9065a772e73),platform=Windows NT 10.0.10586 x86_64) (WARNING: The server did not provide any stacktrace information)
Command duration or timeout: 20.06 seconds
For documentation on this error, please visit: http://seleniumhq.org/exceptions/no_such_element.html
Build info: version: '2.53.1', revision: 'a36b8b1cd5757287168e54b817830adce9b0158d', time: '2016-06-30 19:26:09'
System info: host: 'da004665', ip: '10.11.29.35', os.name: 'Windows 10', os.arch: 'x86', os.version: '10.0', java.version: '1.8.0_121'
Driver info: org.openqa.selenium.chrome.ChromeDriver
Capabilities [{applicationCacheEnabled=false, rotatable=false, mobileEmulationEnabled=false, networkConnectionEnabled=false, chrome={chromedriverVersion=2.35.528161 (5b82f2d2aae0ca24b877009200ced9065a772e73), userDataDir=C:\Users\abhijit1\AppData\Local\Temp\scoped_dir17528_16015}, takesHeapSnapshot=true, pageLoadStrategy=normal, databaseEnabled=false, handlesAlerts=true, hasTouchScreen=false, version=63.0.3239.132, platform=XP, browserConnectionEnabled=false, nativeEvents=true, acceptSslCerts=false, acceptInsecureCerts=false, locationContextEnabled=true, webStorageEnabled=true, browserName=chrome, takesScreenshot=true, javascriptEnabled=true, cssSelectorsEnabled=true, setWindowRect=true, unexpectedAlertBehaviour=}]
Session ID: 3e136182336c5465bd879cd20cbf9f68
*** Element info: {Using=xpath, value=//*[@id='controlTestFlag']/div[1]/div/div/div[1]/h3[12]}
2018-03-19 17:20:47 [INFO ] [TestBase] - [after] 
2018-03-19 17:20:47 [INFO ] [GetDataFromExcel] - [medicalQuestionsLookup] (Error) We did not find the question you specified on the list
2018-03-19 17:20:47 [INFO ] [TestBase] - [getBrowserObject] Chrome
2018-03-19 17:20:58 [INFO ] [TestBase] - [before] Chrome
2018-03-19 17:21:03 [INFO ] [WaitHelper] - [waitForElement] element found...LOG IN
2018-03-19 17:21:41 [INFO ] [GenericHelper] - [isDisplayed] org.openqa.selenium.NoSuchElementException: no such element: Unable to locate element: {"method":"xpath","selector":"//*[@id='controlTestFlag']/div[1]/div/div/div[1]/h3[12]"}
  (Session info: chrome=63.0.3239.132)
  (Driver info: chromedriver=2.35.528161 (5b82f2d2aae0ca24b877009200ced9065a772e73),platform=Windows NT 10.0.10586 x86_64) (WARNING: The server did not provide any stacktrace information)
Command duration or timeout: 20.03 seconds
For documentation on this error, please visit: http://seleniumhq.org/exceptions/no_such_element.html
Build info: version: '2.53.1', revision: 'a36b8b1cd5757287168e54b817830adce9b0158d', time: '2016-06-30 19:26:09'
System info: host: 'da004665', ip: '10.11.29.35', os.name: 'Windows 10', os.arch: 'x86', os.version: '10.0', java.version: '1.8.0_121'
Driver info: org.openqa.selenium.chrome.ChromeDriver
Capabilities [{applicationCacheEnabled=false, rotatable=false, mobileEmulationEnabled=false, networkConnectionEnabled=false, chrome={chromedriverVersion=2.35.528161 (5b82f2d2aae0ca24b877009200ced9065a772e73), userDataDir=C:\Users\abhijit1\AppData\Local\Temp\scoped_dir13948_3726}, takesHeapSnapshot=true, pageLoadStrategy=normal, databaseEnabled=false, handlesAlerts=true, hasTouchScreen=false, version=63.0.3239.132, platform=XP, browserConnectionEnabled=false, nativeEvents=true, acceptSslCerts=false, acceptInsecureCerts=false, locationContextEnabled=true, webStorageEnabled=true, browserName=chrome, takesScreenshot=true, javascriptEnabled=true, cssSelectorsEnabled=true, setWindowRect=true, unexpectedAlertBehaviour=}]
Session ID: 027a79598bdd46364a3a22aaf9fcf9cd
*** Element info: {Using=xpath, value=//*[@id='controlTestFlag']/div[1]/div/div/div[1]/h3[12]}
2018-03-19 17:21:59 [INFO ] [TestBase] - [after] 
2018-03-19 17:23:26 [INFO ] [GetDataFromExcel] - [medicalQuestionsLookup] (Error) We did not find the question you specified on the list
2018-03-19 17:23:26 [INFO ] [TestBase] - [getBrowserObject] Chrome
2018-03-19 17:23:42 [INFO ] [TestBase] - [before] Chrome
2018-03-19 17:24:15 [INFO ] [WaitHelper] - [waitForElement] element found...LOG IN
2018-03-19 17:25:26 [INFO ] [GenericHelper] - [isDisplayed] org.openqa.selenium.NoSuchElementException: no such element: Unable to locate element: {"method":"xpath","selector":"//*[@id='controlTestFlag']/div[1]/div/div/div[1]/h3[12]"}
  (Session info: chrome=63.0.3239.132)
  (Driver info: chromedriver=2.35.528161 (5b82f2d2aae0ca24b877009200ced9065a772e73),platform=Windows NT 10.0.10586 x86_64) (WARNING: The server did not provide any stacktrace information)
Command duration or timeout: 20.03 seconds
For documentation on this error, please visit: http://seleniumhq.org/exceptions/no_such_element.html
Build info: version: '2.53.1', revision: 'a36b8b1cd5757287168e54b817830adce9b0158d', time: '2016-06-30 19:26:09'
System info: host: 'da004665', ip: '10.11.29.35', os.name: 'Windows 10', os.arch: 'x86', os.version: '10.0', java.version: '1.8.0_121'
Driver info: org.openqa.selenium.chrome.ChromeDriver
Capabilities [{applicationCacheEnabled=false, rotatable=false, mobileEmulationEnabled=false, networkConnectionEnabled=false, chrome={chromedriverVersion=2.35.528161 (5b82f2d2aae0ca24b877009200ced9065a772e73), userDataDir=C:\Users\abhijit1\AppData\Local\Temp\scoped_dir7216_17876}, takesHeapSnapshot=true, pageLoadStrategy=normal, databaseEnabled=false, handlesAlerts=true, hasTouchScreen=false, version=63.0.3239.132, platform=XP, browserConnectionEnabled=false, nativeEvents=true, acceptSslCerts=false, acceptInsecureCerts=false, locationContextEnabled=true, webStorageEnabled=true, browserName=chrome, takesScreenshot=true, javascriptEnabled=true, cssSelectorsEnabled=true, setWindowRect=true, unexpectedAlertBehaviour=}]
Session ID: 72de90c70ea1037e6b56c30b08425295
*** Element info: {Using=xpath, value=//*[@id='controlTestFlag']/div[1]/div/div/div[1]/h3[12]}
2018-03-19 17:30:35 [INFO ] [TestBase] - [after] 
2018-03-19 17:30:54 [INFO ] [GetDataFromExcel] - [medicalQuestionsLookup] (Error) We did not find the question you specified on the list
2018-03-19 17:30:54 [INFO ] [TestBase] - [getBrowserObject] Chrome
2018-03-19 17:31:07 [INFO ] [TestBase] - [before] Chrome
2018-03-19 17:31:14 [INFO ] [WaitHelper] - [waitForElement] element found...LOG IN
2018-03-19 17:31:51 [INFO ] [GenericHelper] - [isDisplayed] org.openqa.selenium.NoSuchElementException: no such element: Unable to locate element: {"method":"xpath","selector":"//*[@id='controlTestFlag']/div[1]/div/div/div[1]/h3[12]"}
  (Session info: chrome=63.0.3239.132)
  (Driver info: chromedriver=2.35.528161 (5b82f2d2aae0ca24b877009200ced9065a772e73),platform=Windows NT 10.0.10586 x86_64) (WARNING: The server did not provide any stacktrace information)
Command duration or timeout: 20.07 seconds
For documentation on this error, please visit: http://seleniumhq.org/exceptions/no_such_element.html
Build info: version: '2.53.1', revision: 'a36b8b1cd5757287168e54b817830adce9b0158d', time: '2016-06-30 19:26:09'
System info: host: 'da004665', ip: '10.11.29.35', os.name: 'Windows 10', os.arch: 'x86', os.version: '10.0', java.version: '1.8.0_121'
Driver info: org.openqa.selenium.chrome.ChromeDriver
Capabilities [{applicationCacheEnabled=false, rotatable=false, mobileEmulationEnabled=false, networkConnectionEnabled=false, chrome={chromedriverVersion=2.35.528161 (5b82f2d2aae0ca24b877009200ced9065a772e73), userDataDir=C:\Users\abhijit1\AppData\Local\Temp\scoped_dir12812_16718}, takesHeapSnapshot=true, pageLoadStrategy=normal, databaseEnabled=false, handlesAlerts=true, hasTouchScreen=false, version=63.0.3239.132, platform=XP, browserConnectionEnabled=false, nativeEvents=true, acceptSslCerts=false, acceptInsecureCerts=false, locationContextEnabled=true, webStorageEnabled=true, browserName=chrome, takesScreenshot=true, javascriptEnabled=true, cssSelectorsEnabled=true, setWindowRect=true, unexpectedAlertBehaviour=}]
Session ID: 1a4f238761e23e42f93c228de8580f86
*** Element info: {Using=xpath, value=//*[@id='controlTestFlag']/div[1]/div/div/div[1]/h3[12]}
2018-03-19 17:32:23 [INFO ] [TestBase] - [after] 
2018-03-20 11:24:39 [INFO ] [GetDataFromExcel] - [medicalQuestionsLookup] (Error) We did not find the question you specified on the list
2018-03-20 11:24:39 [INFO ] [TestBase] - [getBrowserObject] Chrome
2018-03-20 11:24:54 [INFO ] [TestBase] - [before] Chrome
2018-03-20 11:25:00 [INFO ] [WaitHelper] - [waitForElement] element found...LOG IN
2018-03-20 11:25:33 [INFO ] [GenericHelper] - [isDisplayed] org.openqa.selenium.NoSuchElementException: no such element: Unable to locate element: {"method":"xpath","selector":"//*[@id='controlTestFlag']/div[1]/div/div/div[1]/h3[12]"}
  (Session info: chrome=63.0.3239.132)
  (Driver info: chromedriver=2.35.528161 (5b82f2d2aae0ca24b877009200ced9065a772e73),platform=Windows NT 10.0.10586 x86_64) (WARNING: The server did not provide any stacktrace information)
Command duration or timeout: 20.12 seconds
For documentation on this error, please visit: http://seleniumhq.org/exceptions/no_such_element.html
Build info: version: '2.53.1', revision: 'a36b8b1cd5757287168e54b817830adce9b0158d', time: '2016-06-30 19:26:09'
System info: host: 'da004665', ip: '10.11.29.35', os.name: 'Windows 10', os.arch: 'x86', os.version: '10.0', java.version: '1.8.0_121'
Driver info: org.openqa.selenium.chrome.ChromeDriver
Capabilities [{applicationCacheEnabled=false, rotatable=false, mobileEmulationEnabled=false, networkConnectionEnabled=false, chrome={chromedriverVersion=2.35.528161 (5b82f2d2aae0ca24b877009200ced9065a772e73), userDataDir=C:\Users\abhijit1\AppData\Local\Temp\scoped_dir2984_27099}, takesHeapSnapshot=true, pageLoadStrategy=normal, databaseEnabled=false, handlesAlerts=true, hasTouchScreen=false, version=63.0.3239.132, platform=XP, browserConnectionEnabled=false, nativeEvents=true, acceptSslCerts=false, acceptInsecureCerts=false, locationContextEnabled=true, webStorageEnabled=true, browserName=chrome, takesScreenshot=true, javascriptEnabled=true, cssSelectorsEnabled=true, setWindowRect=true, unexpectedAlertBehaviour=}]
Session ID: a992fe3a2aa841659c82eaaa1c13249b
*** Element info: {Using=xpath, value=//*[@id='controlTestFlag']/div[1]/div/div/div[1]/h3[12]}
2018-03-20 11:25:53 [INFO ] [TestBase] - [after] 
2018-03-20 11:25:53 [INFO ] [GetDataFromExcel] - [medicalQuestionsLookup] (Error) We did not find the question you specified on the list
2018-03-20 11:25:53 [INFO ] [TestBase] - [getBrowserObject] Chrome
2018-03-20 11:26:05 [INFO ] [TestBase] - [before] Chrome
2018-03-20 11:26:14 [INFO ] [WaitHelper] - [waitForElement] element found...LOG IN
2018-03-20 11:26:55 [INFO ] [GenericHelper] - [isDisplayed] org.openqa.selenium.NoSuchElementException: no such element: Unable to locate element: {"method":"xpath","selector":"//*[@id='controlTestFlag']/div[1]/div/div/div[1]/h3[12]"}
  (Session info: chrome=63.0.3239.132)
  (Driver info: chromedriver=2.35.528161 (5b82f2d2aae0ca24b877009200ced9065a772e73),platform=Windows NT 10.0.10586 x86_64) (WARNING: The server did not provide any stacktrace information)
Command duration or timeout: 20.06 seconds
For documentation on this error, please visit: http://seleniumhq.org/exceptions/no_such_element.html
Build info: version: '2.53.1', revision: 'a36b8b1cd5757287168e54b817830adce9b0158d', time: '2016-06-30 19:26:09'
System info: host: 'da004665', ip: '10.11.29.35', os.name: 'Windows 10', os.arch: 'x86', os.version: '10.0', java.version: '1.8.0_121'
Driver info: org.openqa.selenium.chrome.ChromeDriver
Capabilities [{applicationCacheEnabled=false, rotatable=false, mobileEmulationEnabled=false, networkConnectionEnabled=false, chrome={chromedriverVersion=2.35.528161 (5b82f2d2aae0ca24b877009200ced9065a772e73), userDataDir=C:\Users\abhijit1\AppData\Local\Temp\scoped_dir18800_2579}, takesHeapSnapshot=true, pageLoadStrategy=normal, databaseEnabled=false, handlesAlerts=true, hasTouchScreen=false, version=63.0.3239.132, platform=XP, browserConnectionEnabled=false, nativeEvents=true, acceptSslCerts=false, acceptInsecureCerts=false, locationContextEnabled=true, webStorageEnabled=true, browserName=chrome, takesScreenshot=true, javascriptEnabled=true, cssSelectorsEnabled=true, setWindowRect=true, unexpectedAlertBehaviour=}]
Session ID: b7a673d76ffa34f3bf3c8b678292d315
*** Element info: {Using=xpath, value=//*[@id='controlTestFlag']/div[1]/div/div/div[1]/h3[12]}
2018-03-20 11:27:15 [INFO ] [TestBase] - [after] 
2018-03-20 13:09:13 [INFO ] [GetDataFromExcel] - [medicalQuestionsLookup] (Error) We did not find the question you specified on the list
2018-03-20 13:09:13 [INFO ] [TestBase] - [getBrowserObject] Chrome
2018-03-20 13:09:30 [INFO ] [TestBase] - [before] Chrome
2018-03-20 13:09:38 [INFO ] [WaitHelper] - [waitForElement] element found...LOG IN
2018-03-20 13:12:02 [INFO ] [GenericHelper] - [isDisplayed] org.openqa.selenium.NoSuchElementException: no such element: Unable to locate element: {"method":"xpath","selector":"//*[@id='controlTestFlag']/div[1]/div/div/div[1]/h3[12]"}
  (Session info: chrome=63.0.3239.132)
  (Driver info: chromedriver=2.35.528161 (5b82f2d2aae0ca24b877009200ced9065a772e73),platform=Windows NT 10.0.10586 x86_64) (WARNING: The server did not provide any stacktrace information)
Command duration or timeout: 20.08 seconds
For documentation on this error, please visit: http://seleniumhq.org/exceptions/no_such_element.html
Build info: version: '2.53.1', revision: 'a36b8b1cd5757287168e54b817830adce9b0158d', time: '2016-06-30 19:26:09'
System info: host: 'da004665', ip: '10.11.29.35', os.name: 'Windows 10', os.arch: 'x86', os.version: '10.0', java.version: '1.8.0_121'
Driver info: org.openqa.selenium.chrome.ChromeDriver
Capabilities [{applicationCacheEnabled=false, rotatable=false, mobileEmulationEnabled=false, networkConnectionEnabled=false, chrome={chromedriverVersion=2.35.528161 (5b82f2d2aae0ca24b877009200ced9065a772e73), userDataDir=C:\Users\abhijit1\AppData\Local\Temp\scoped_dir15392_25245}, takesHeapSnapshot=true, pageLoadStrategy=normal, databaseEnabled=false, handlesAlerts=true, hasTouchScreen=false, version=63.0.3239.132, platform=XP, browserConnectionEnabled=false, nativeEvents=true, acceptSslCerts=false, acceptInsecureCerts=false, locationContextEnabled=true, webStorageEnabled=true, browserName=chrome, takesScreenshot=true, javascriptEnabled=true, cssSelectorsEnabled=true, setWindowRect=true, unexpectedAlertBehaviour=}]
Session ID: 8dd4f5b479a71beed61b5e0761ee6c81
*** Element info: {Using=xpath, value=//*[@id='controlTestFlag']/div[1]/div/div/div[1]/h3[12]}
2018-03-20 13:46:06 [INFO ] [GetDataFromExcel] - [medicalQuestionsLookup] (Error) We did not find the question you specified on the list
2018-03-20 13:46:06 [INFO ] [TestBase] - [getBrowserObject] Chrome
2018-03-20 13:46:25 [INFO ] [TestBase] - [before] Chrome
2018-03-20 13:46:34 [INFO ] [WaitHelper] - [waitForElement] element found...LOG IN
2018-03-20 13:47:03 [INFO ] [GenericHelper] - [isDisplayed] org.openqa.selenium.NoSuchElementException: no such element: Unable to locate element: {"method":"xpath","selector":"//*[@id='controlTestFlag']/div[1]/div/div/div[1]/h3[12]"}
  (Session info: chrome=63.0.3239.132)
  (Driver info: chromedriver=2.35.528161 (5b82f2d2aae0ca24b877009200ced9065a772e73),platform=Windows NT 10.0.10586 x86_64) (WARNING: The server did not provide any stacktrace information)
Command duration or timeout: 20.16 seconds
For documentation on this error, please visit: http://seleniumhq.org/exceptions/no_such_element.html
Build info: version: '2.53.1', revision: 'a36b8b1cd5757287168e54b817830adce9b0158d', time: '2016-06-30 19:26:09'
System info: host: 'da004665', ip: '10.11.29.35', os.name: 'Windows 10', os.arch: 'x86', os.version: '10.0', java.version: '1.8.0_121'
Driver info: org.openqa.selenium.chrome.ChromeDriver
Capabilities [{applicationCacheEnabled=false, rotatable=false, mobileEmulationEnabled=false, networkConnectionEnabled=false, chrome={chromedriverVersion=2.35.528161 (5b82f2d2aae0ca24b877009200ced9065a772e73), userDataDir=C:\Users\abhijit1\AppData\Local\Temp\scoped_dir19816_5022}, takesHeapSnapshot=true, pageLoadStrategy=normal, databaseEnabled=false, handlesAlerts=true, hasTouchScreen=false, version=63.0.3239.132, platform=XP, browserConnectionEnabled=false, nativeEvents=true, acceptSslCerts=false, acceptInsecureCerts=false, locationContextEnabled=true, webStorageEnabled=true, browserName=chrome, takesScreenshot=true, javascriptEnabled=true, cssSelectorsEnabled=true, setWindowRect=true, unexpectedAlertBehaviour=}]
Session ID: 54823dedf1641b4ff77634bf0fa71a83
*** Element info: {Using=xpath, value=//*[@id='controlTestFlag']/div[1]/div/div/div[1]/h3[12]}
2018-03-20 13:47:24 [INFO ] [TestBase] - [after] 
2018-03-20 13:47:24 [INFO ] [GetDataFromExcel] - [medicalQuestionsLookup] (Error) We did not find the question you specified on the list
2018-03-20 13:47:24 [INFO ] [TestBase] - [getBrowserObject] Chrome
2018-03-20 13:47:38 [INFO ] [TestBase] - [before] Chrome
2018-03-20 13:47:46 [INFO ] [WaitHelper] - [waitForElement] element found...LOG IN
2018-03-20 13:48:21 [INFO ] [GenericHelper] - [isDisplayed] org.openqa.selenium.NoSuchElementException: no such element: Unable to locate element: {"method":"xpath","selector":"//*[@id='controlTestFlag']/div[1]/div/div/div[1]/h3[12]"}
  (Session info: chrome=63.0.3239.132)
  (Driver info: chromedriver=2.35.528161 (5b82f2d2aae0ca24b877009200ced9065a772e73),platform=Windows NT 10.0.10586 x86_64) (WARNING: The server did not provide any stacktrace information)
Command duration or timeout: 20.07 seconds
For documentation on this error, please visit: http://seleniumhq.org/exceptions/no_such_element.html
Build info: version: '2.53.1', revision: 'a36b8b1cd5757287168e54b817830adce9b0158d', time: '2016-06-30 19:26:09'
System info: host: 'da004665', ip: '10.11.29.35', os.name: 'Windows 10', os.arch: 'x86', os.version: '10.0', java.version: '1.8.0_121'
Driver info: org.openqa.selenium.chrome.ChromeDriver
Capabilities [{applicationCacheEnabled=false, rotatable=false, mobileEmulationEnabled=false, networkConnectionEnabled=false, chrome={chromedriverVersion=2.35.528161 (5b82f2d2aae0ca24b877009200ced9065a772e73), userDataDir=C:\Users\abhijit1\AppData\Local\Temp\scoped_dir18532_4425}, takesHeapSnapshot=true, pageLoadStrategy=normal, databaseEnabled=false, handlesAlerts=true, hasTouchScreen=false, version=63.0.3239.132, platform=XP, browserConnectionEnabled=false, nativeEvents=true, acceptSslCerts=false, acceptInsecureCerts=false, locationContextEnabled=true, webStorageEnabled=true, browserName=chrome, takesScreenshot=true, javascriptEnabled=true, cssSelectorsEnabled=true, setWindowRect=true, unexpectedAlertBehaviour=}]
Session ID: 7bad3cbb535ff0b7c69ca74e208d4be7
*** Element info: {Using=xpath, value=//*[@id='controlTestFlag']/div[1]/div/div/div[1]/h3[12]}
2018-03-20 13:48:42 [INFO ] [TestBase] - [after] 
2018-03-20 14:02:23 [INFO ] [GetDataFromExcel] - [medicalQuestionsLookup] (Error) We did not find the question you specified on the list
2018-03-20 14:02:23 [INFO ] [TestBase] - [getBrowserObject] Chrome
2018-03-20 14:02:39 [INFO ] [TestBase] - [before] Chrome
2018-03-20 14:02:45 [INFO ] [WaitHelper] - [waitForElement] element found...LOG IN
2018-03-20 14:03:13 [INFO ] [GenericHelper] - [isDisplayed] org.openqa.selenium.NoSuchElementException: no such element: Unable to locate element: {"method":"xpath","selector":"//*[@id='controlTestFlag']/div[1]/div/div/div[1]/h3[12]"}
  (Session info: chrome=63.0.3239.132)
  (Driver info: chromedriver=2.35.528161 (5b82f2d2aae0ca24b877009200ced9065a772e73),platform=Windows NT 10.0.10586 x86_64) (WARNING: The server did not provide any stacktrace information)
Command duration or timeout: 20.15 seconds
For documentation on this error, please visit: http://seleniumhq.org/exceptions/no_such_element.html
Build info: version: '2.53.1', revision: 'a36b8b1cd5757287168e54b817830adce9b0158d', time: '2016-06-30 19:26:09'
System info: host: 'da004665', ip: '10.11.29.35', os.name: 'Windows 10', os.arch: 'x86', os.version: '10.0', java.version: '1.8.0_121'
Driver info: org.openqa.selenium.chrome.ChromeDriver
Capabilities [{applicationCacheEnabled=false, rotatable=false, mobileEmulationEnabled=false, networkConnectionEnabled=false, chrome={chromedriverVersion=2.35.528161 (5b82f2d2aae0ca24b877009200ced9065a772e73), userDataDir=C:\Users\abhijit1\AppData\Local\Temp\scoped_dir11392_16602}, takesHeapSnapshot=true, pageLoadStrategy=normal, databaseEnabled=false, handlesAlerts=true, hasTouchScreen=false, version=63.0.3239.132, platform=XP, browserConnectionEnabled=false, nativeEvents=true, acceptSslCerts=false, acceptInsecureCerts=false, locationContextEnabled=true, webStorageEnabled=true, browserName=chrome, takesScreenshot=true, javascriptEnabled=true, cssSelectorsEnabled=true, setWindowRect=true, unexpectedAlertBehaviour=}]
Session ID: 3a2fa8172e81ee0beeabf3fa6d0e8007
*** Element info: {Using=xpath, value=//*[@id='controlTestFlag']/div[1]/div/div/div[1]/h3[12]}
2018-03-20 14:03:34 [INFO ] [TestBase] - [after] 
2018-03-20 14:03:34 [INFO ] [GetDataFromExcel] - [medicalQuestionsLookup] (Error) We did not find the question you specified on the list
2018-03-20 14:03:34 [INFO ] [TestBase] - [getBrowserObject] Chrome
2018-03-20 14:03:48 [INFO ] [TestBase] - [before] Chrome
2018-03-20 14:04:07 [INFO ] [WaitHelper] - [waitForElement] element found...LOG IN
2018-03-20 14:04:38 [INFO ] [GenericHelper] - [isDisplayed] org.openqa.selenium.NoSuchElementException: no such element: Unable to locate element: {"method":"xpath","selector":"//*[@id='controlTestFlag']/div[1]/div/div/div[1]/h3[12]"}
  (Session info: chrome=63.0.3239.132)
  (Driver info: chromedriver=2.35.528161 (5b82f2d2aae0ca24b877009200ced9065a772e73),platform=Windows NT 10.0.10586 x86_64) (WARNING: The server did not provide any stacktrace information)
Command duration or timeout: 20.06 seconds
For documentation on this error, please visit: http://seleniumhq.org/exceptions/no_such_element.html
Build info: version: '2.53.1', revision: 'a36b8b1cd5757287168e54b817830adce9b0158d', time: '2016-06-30 19:26:09'
System info: host: 'da004665', ip: '10.11.29.35', os.name: 'Windows 10', os.arch: 'x86', os.version: '10.0', java.version: '1.8.0_121'
Driver info: org.openqa.selenium.chrome.ChromeDriver
Capabilities [{applicationCacheEnabled=false, rotatable=false, mobileEmulationEnabled=false, networkConnectionEnabled=false, chrome={chromedriverVersion=2.35.528161 (5b82f2d2aae0ca24b877009200ced9065a772e73), userDataDir=C:\Users\abhijit1\AppData\Local\Temp\scoped_dir14836_5603}, takesHeapSnapshot=true, pageLoadStrategy=normal, databaseEnabled=false, handlesAlerts=true, hasTouchScreen=false, version=63.0.3239.132, platform=XP, browserConnectionEnabled=false, nativeEvents=true, acceptSslCerts=false, acceptInsecureCerts=false, locationContextEnabled=true, webStorageEnabled=true, browserName=chrome, takesScreenshot=true, javascriptEnabled=true, cssSelectorsEnabled=true, setWindowRect=true, unexpectedAlertBehaviour=}]
Session ID: b85aedfa2ee3d13ccaeb421231d745f1
*** Element info: {Using=xpath, value=//*[@id='controlTestFlag']/div[1]/div/div/div[1]/h3[12]}
2018-03-20 14:04:58 [INFO ] [TestBase] - [after] 
2018-03-22 12:20:26 [INFO ] [GetDataFromExcel] - [medicalQuestionsLookup] (Error) We did not find the question you specified on the list
2018-03-22 12:20:26 [INFO ] [TestBase] - [getBrowserObject] Chrome
2018-03-22 12:20:46 [INFO ] [TestBase] - [before] Chrome
2018-03-22 12:20:54 [INFO ] [WaitHelper] - [waitForElement] element found...LOG IN
2018-03-22 12:22:47 [INFO ] [LoginPage] - [verifyPageTitle] Please check pageTitle Spelling in excel, It should be pageTitle
2018-03-22 12:24:14 [INFO ] [GetDataFromExcel] - [medicalQuestionsLookup] (Error) We did not find the question you specified on the list
2018-03-22 12:24:14 [INFO ] [TestBase] - [getBrowserObject] Chrome
2018-03-22 12:24:28 [INFO ] [TestBase] - [before] Chrome
2018-03-22 12:24:35 [INFO ] [WaitHelper] - [waitForElement] element found...LOG IN
2018-03-22 12:25:47 [INFO ] [LoginPage] - [verifyPageTitle] Please check pageTitle Spelling in excel, It should be pageTitle
2018-03-22 12:26:07 [INFO ] [GetDataFromExcel] - [medicalQuestionsLookup] (Error) We did not find the question you specified on the list
2018-03-22 12:26:07 [INFO ] [TestBase] - [getBrowserObject] Chrome
2018-03-22 12:26:24 [INFO ] [TestBase] - [before] Chrome
2018-03-22 12:26:31 [INFO ] [WaitHelper] - [waitForElement] element found...LOG IN
2018-03-22 12:27:36 [INFO ] [LoginPage] - [verifyPageTitle] Page Title as expected..
2018-03-22 12:29:44 [INFO ] [LoginToAutomationPractices] - [verifyPageTitle] page Title Matching
2018-03-22 12:32:18 [INFO ] [TestBase] - [after] 
2018-03-22 12:32:18 [INFO ] [GetDataFromExcel] - [medicalQuestionsLookup] (Error) We did not find the question you specified on the list
2018-03-22 12:32:18 [INFO ] [TestBase] - [getBrowserObject] Chrome
2018-03-22 12:32:33 [INFO ] [TestBase] - [before] Chrome
2018-03-22 12:33:18 [INFO ] [GetDataFromExcel] - [medicalQuestionsLookup] (Error) We did not find the question you specified on the list
2018-03-22 12:33:18 [INFO ] [TestBase] - [getBrowserObject] Chrome
2018-03-22 12:33:32 [INFO ] [TestBase] - [before] Chrome
2018-03-22 12:33:38 [INFO ] [WaitHelper] - [waitForElement] element found...LOG IN
2018-03-22 12:34:38 [INFO ] [LoginPage] - [verifyPageTitle] Page Title as expected..
2018-03-22 12:34:38 [INFO ] [LoginToAutomationPractices] - [verifyPageTitle] page Title Matching
2018-03-22 12:37:05 [INFO ] [GetDataFromExcel] - [medicalQuestionsLookup] (Error) We did not find the question you specified on the list
2018-03-22 12:37:06 [INFO ] [TestBase] - [getBrowserObject] Chrome
2018-03-22 12:37:20 [INFO ] [TestBase] - [before] Chrome
2018-03-22 12:37:26 [INFO ] [WaitHelper] - [waitForElement] element found...LOG IN
2018-03-22 12:38:30 [INFO ] [LoginPage] - [verifyPageTitle] Page Title as expected..
2018-03-22 12:38:30 [INFO ] [LoginToAutomationPractices] - [verifyPageTitle] page Title Matching
2018-03-22 12:43:29 [INFO ] [GetDataFromExcel] - [medicalQuestionsLookup] (Error) We did not find the question you specified on the list
2018-03-22 12:43:29 [INFO ] [TestBase] - [getBrowserObject] Chrome
2018-03-22 12:43:44 [INFO ] [TestBase] - [before] Chrome
2018-03-22 12:43:52 [INFO ] [WaitHelper] - [waitForElement] element found...LOG IN
2018-03-22 12:45:11 [INFO ] [LoginPage] - [verifyPageTitle] Page Title as expected..
2018-03-22 12:45:11 [INFO ] [LoginToAutomationPractices] - [verifyPageTitle] page Title Matching
2018-03-22 12:48:32 [INFO ] [GenericHelper] - [isDisplayed] element is displayed..[[ChromeDriver: chrome on XP (b4d7717920f24fae5950884483f6ec71)] -> xpath: //*[contains(text(),'Your Health Plan')]]
2018-03-22 12:49:00 [INFO ] [LoginToAutomationPractices] - [verifyHeader] login test is pass
2018-03-22 13:20:45 [INFO ] [TestBase] - [after] 
2018-03-22 13:20:45 [INFO ] [GetDataFromExcel] - [medicalQuestionsLookup] (Error) We did not find the question you specified on the list
2018-03-22 13:20:45 [INFO ] [TestBase] - [getBrowserObject] Chrome
2018-03-22 13:22:41 [INFO ] [GetDataFromExcel] - [medicalQuestionsLookup] (Error) We did not find the question you specified on the list
2018-03-22 13:22:41 [INFO ] [TestBase] - [getBrowserObject] Chrome
2018-03-22 13:22:55 [INFO ] [TestBase] - [before] Chrome
2018-03-22 13:23:02 [INFO ] [WaitHelper] - [waitForElement] element found...LOG IN
2018-03-22 13:23:10 [INFO ] [LoginPage] - [verifyPageTitle] Page Title as expected..
2018-03-22 13:23:10 [INFO ] [LoginToAutomationPractices] - [verifyPageTitle] page Title Matching
2018-03-22 13:28:27 [INFO ] [GetDataFromExcel] - [medicalQuestionsLookup] (Error) We did not find the question you specified on the list
2018-03-22 13:28:27 [INFO ] [TestBase] - [getBrowserObject] Chrome
2018-03-22 13:28:43 [INFO ] [TestBase] - [before] Chrome
2018-03-22 13:28:51 [INFO ] [WaitHelper] - [waitForElement] element found...LOG IN
2018-03-22 13:28:51 [INFO ] [LoginPage] - [verifyPageTitle] Please check pageTitle Spelling in excel, It should be pageTitle
2018-03-22 13:29:26 [INFO ] [GetDataFromExcel] - [medicalQuestionsLookup] (Error) We did not find the question you specified on the list
2018-03-22 13:29:26 [INFO ] [TestBase] - [getBrowserObject] Chrome
2018-03-22 13:29:41 [INFO ] [TestBase] - [before] Chrome
2018-03-22 13:29:50 [INFO ] [WaitHelper] - [waitForElement] element found...LOG IN
2018-03-22 13:29:50 [INFO ] [LoginPage] - [verifyPageTitle] Please check pageTitle Spelling in excel, It should be pageTitle
2018-03-22 13:30:35 [INFO ] [TestBase] - [after] 
2018-03-22 13:30:35 [INFO ] [GetDataFromExcel] - [medicalQuestionsLookup] (Error) We did not find the question you specified on the list
2018-03-22 13:30:35 [INFO ] [TestBase] - [getBrowserObject] Chrome
2018-03-22 13:30:47 [INFO ] [TestBase] - [before] Chrome
2018-03-22 13:30:52 [INFO ] [WaitHelper] - [waitForElement] element found...LOG IN
2018-03-22 13:32:52 [INFO ] [GetDataFromExcel] - [medicalQuestionsLookup] (Error) We did not find the question you specified on the list
2018-03-22 13:32:52 [INFO ] [TestBase] - [getBrowserObject] Chrome
2018-03-22 13:33:06 [INFO ] [TestBase] - [before] Chrome
2018-03-22 13:33:15 [INFO ] [WaitHelper] - [waitForElement] element found...LOG IN
2018-03-22 13:33:15 [INFO ] [LoginPage] - [verifyPageTitle] Please check pageTitle Spelling in excel, It should be pageTitle
2018-03-22 13:35:12 [INFO ] [GetDataFromExcel] - [medicalQuestionsLookup] (Error) We did not find the question you specified on the list
2018-03-22 13:35:12 [INFO ] [TestBase] - [getBrowserObject] Chrome
2018-03-22 13:35:27 [INFO ] [TestBase] - [before] Chrome
2018-03-22 13:35:39 [INFO ] [WaitHelper] - [waitForElement] element found...LOG IN
2018-03-22 13:35:39 [INFO ] [LoginPage] - [verifyPageTitle] Please check pageTitle Spelling in excel, It should be pageTitle
2018-03-22 13:43:35 [INFO ] [GetDataFromExcel] - [medicalQuestionsLookup] (Error) We did not find the question you specified on the list
2018-03-22 13:43:35 [INFO ] [TestBase] - [getBrowserObject] Chrome
2018-03-22 13:43:53 [INFO ] [TestBase] - [before] Chrome
2018-03-22 13:44:03 [INFO ] [WaitHelper] - [waitForElement] element found...LOG IN
2018-03-22 13:44:03 [INFO ] [LoginToAutomationPractices] - [navigate_to_application] Website open
2018-03-22 13:44:11 [INFO ] [LoginToAutomationPractices] - [userShouldAbleToClickOn] Click Action perfrom on.....OPEN_LOGIN_POPUP
2018-03-22 13:45:31 [INFO ] [LoginToAutomationPractices] - [userShouldBeAbleToClickOnAndEnter] Click Action perfrom on.....UserName
2018-03-22 13:45:31 [INFO ] [LoginToAutomationPractices] - [userShouldBeAbleToClickOnAndEnter] Click Action perfrom on.....Password
2018-03-22 13:45:31 [INFO ] [LoginToAutomationPractices] - [userShouldAbleToClickOn] Click Action perfrom on.....LOGIN_Button
2018-03-22 13:45:31 [INFO ] [LoginPage] - [verifyPageTitle] Please check pageTitle Spelling in excel, It should be pageTitle
2018-03-22 13:45:52 [INFO ] [GetDataFromExcel] - [medicalQuestionsLookup] (Error) We did not find the question you specified on the list
2018-03-22 13:45:52 [INFO ] [TestBase] - [getBrowserObject] Chrome
2018-03-22 13:46:08 [INFO ] [TestBase] - [before] Chrome
2018-03-22 13:46:18 [INFO ] [WaitHelper] - [waitForElement] element found...LOG IN
2018-03-22 13:46:18 [INFO ] [LoginToAutomationPractices] - [navigate_to_application] Website open
2018-03-22 13:48:43 [INFO ] [LoginToAutomationPractices] - [userShouldAbleToClickOn] Click Action perfrom on.....OPEN_LOGIN_POPUP
2018-03-22 13:48:43 [INFO ] [LoginToAutomationPractices] - [userShouldBeAbleToClickOnAndEnter] Click Action perfrom on.....UserName
2018-03-22 13:48:43 [INFO ] [LoginToAutomationPractices] - [userShouldBeAbleToClickOnAndEnter] Click Action perfrom on.....Password
2018-03-22 13:48:43 [INFO ] [LoginToAutomationPractices] - [userShouldAbleToClickOn] Click Action perfrom on.....LOGIN_Button
2018-03-22 13:48:43 [INFO ] [LoginPage] - [verifyPageTitle] Please check pageTitle Spelling in excel, It should be pageTitle
2018-03-22 13:51:36 [INFO ] [GetDataFromExcel] - [medicalQuestionsLookup] (Error) We did not find the question you specified on the list
2018-03-22 13:51:36 [INFO ] [TestBase] - [getBrowserObject] Chrome
2018-03-22 13:51:52 [INFO ] [TestBase] - [before] Chrome
2018-03-22 13:52:02 [INFO ] [WaitHelper] - [waitForElement] element found...LOG IN
2018-03-22 13:52:02 [INFO ] [LoginToAutomationPractices] - [navigate_to_application] Website open
2018-03-22 13:53:53 [INFO ] [LoginToAutomationPractices] - [userShouldAbleToClickOn] Click Action perfrom on.....OPEN_LOGIN_POPUP
2018-03-22 13:53:56 [INFO ] [LoginToAutomationPractices] - [userShouldBeAbleToClickOnAndEnter] Click Action perfrom on.....UserName
2018-03-22 13:53:58 [INFO ] [LoginToAutomationPractices] - [userShouldBeAbleToClickOnAndEnter] Click Action perfrom on.....Password
2018-03-22 13:55:21 [INFO ] [LoginToAutomationPractices] - [userShouldAbleToClickOn] Click Action perfrom on.....LOGIN_Button
2018-03-22 13:55:33 [INFO ] [LoginPage] - [verifyPageTitle] Please check pageTitle Spelling in excel, It should be pageTitle
2018-03-22 13:56:08 [INFO ] [TestBase] - [after] 
2018-03-22 13:56:08 [INFO ] [GetDataFromExcel] - [medicalQuestionsLookup] (Error) We did not find the question you specified on the list
2018-03-22 13:56:08 [INFO ] [TestBase] - [getBrowserObject] Chrome
2018-03-22 13:56:20 [INFO ] [TestBase] - [before] Chrome
2018-03-22 13:56:33 [INFO ] [WaitHelper] - [waitForElement] element found...LOG IN
2018-03-22 13:56:33 [INFO ] [LoginToAutomationPractices] - [navigate_to_application] Website open
2018-03-22 14:02:43 [INFO ] [LoginToAutomationPractices] - [userShouldAbleToClickOn] Click Action perfrom on.....OPEN_LOGIN_POPUP
2018-03-22 14:02:44 [INFO ] [LoginToAutomationPractices] - [userShouldBeAbleToClickOnAndEnter] Click Action perfrom on.....UserName
2018-03-22 14:02:45 [INFO ] [LoginToAutomationPractices] - [userShouldBeAbleToClickOnAndEnter] Click Action perfrom on.....Password
2018-03-22 14:03:00 [INFO ] [GetDataFromExcel] - [medicalQuestionsLookup] (Error) We did not find the question you specified on the list
2018-03-22 14:03:00 [INFO ] [TestBase] - [getBrowserObject] Chrome
2018-03-22 14:03:18 [INFO ] [TestBase] - [before] Chrome
2018-03-22 14:03:32 [INFO ] [WaitHelper] - [waitForElement] element found...LOG IN
2018-03-22 14:03:32 [INFO ] [LoginToAutomationPractices] - [navigate_to_application] Website open
2018-03-22 14:05:23 [INFO ] [LoginToAutomationPractices] - [userShouldAbleToClickOn] Click Action perfrom on.....OPEN_LOGIN_POPUP
2018-03-22 14:05:38 [INFO ] [LoginToAutomationPractices] - [userShouldBeAbleToClickOnAndEnter] Click Action perfrom on.....UserName
2018-03-22 14:05:38 [INFO ] [LoginToAutomationPractices] - [userShouldBeAbleToClickOnAndEnter] Click Action perfrom on.....Password
2018-03-22 14:09:02 [INFO ] [LoginToAutomationPractices] - [userShouldAbleToClickOn] Click Action perfrom on.....LOGIN_Button
2018-03-22 14:09:02 [INFO ] [LoginPage] - [verifyPageTitle] Please check pageTitle Spelling in excel, It should be pageTitle
2018-03-22 14:12:04 [INFO ] [GetDataFromExcel] - [medicalQuestionsLookup] (Error) We did not find the question you specified on the list
2018-03-22 14:12:04 [INFO ] [TestBase] - [getBrowserObject] Chrome
2018-03-22 14:12:19 [INFO ] [TestBase] - [before] Chrome
2018-03-22 14:12:27 [INFO ] [WaitHelper] - [waitForElement] element found...LOG IN
2018-03-22 14:12:27 [INFO ] [LoginToAutomationPractices] - [navigate_to_application] Website open
2018-03-22 14:12:34 [INFO ] [LoginToAutomationPractices] - [userShouldAbleToClickOn] Click Action perfrom on.....OPEN_LOGIN_POPUP
2018-03-22 14:12:35 [INFO ] [LoginToAutomationPractices] - [userShouldBeAbleToClickOnAndEnter] Click Action perfrom on.....UserName
2018-03-22 14:12:36 [INFO ] [LoginToAutomationPractices] - [userShouldBeAbleToClickOnAndEnter] Click Action perfrom on.....Password
2018-03-22 14:20:18 [INFO ] [GetDataFromExcel] - [medicalQuestionsLookup] (Error) We did not find the question you specified on the list
2018-03-22 14:20:18 [INFO ] [TestBase] - [getBrowserObject] Chrome
2018-03-22 14:20:34 [INFO ] [TestBase] - [before] Chrome
2018-03-22 14:20:46 [INFO ] [WaitHelper] - [waitForElement] element found...LOG IN
2018-03-22 14:20:46 [INFO ] [LoginToAutomationPractices] - [navigate_to_application] Website open
2018-03-22 14:20:51 [INFO ] [LoginToAutomationPractices] - [userShouldAbleToClickOn] Click Action perfrom on.....OPEN_LOGIN_POPUP
2018-03-22 14:20:52 [INFO ] [LoginToAutomationPractices] - [userShouldBeAbleToClickOnAndEnter] Click Action perfrom on.....UserName
2018-03-22 14:20:52 [INFO ] [LoginToAutomationPractices] - [userShouldBeAbleToClickOnAndEnter] Click Action perfrom on.....Password
2018-03-22 14:24:47 [INFO ] [GetDataFromExcel] - [medicalQuestionsLookup] (Error) We did not find the question you specified on the list
2018-03-22 14:24:48 [INFO ] [TestBase] - [getBrowserObject] Chrome
2018-03-22 14:25:01 [INFO ] [TestBase] - [before] Chrome
2018-03-22 14:25:12 [INFO ] [WaitHelper] - [waitForElement] element found...LOG IN
2018-03-22 14:25:12 [INFO ] [LoginToAutomationPractices] - [navigate_to_application] Website open
2018-03-22 14:25:17 [INFO ] [LoginToAutomationPractices] - [userShouldAbleToClickOn] Click Action perfrom on.....OPEN_LOGIN_POPUP
2018-03-22 14:25:18 [INFO ] [LoginToAutomationPractices] - [userShouldBeAbleToClickOnAndEnter] Click Action perfrom on.....UserName
2018-03-22 14:25:18 [INFO ] [LoginToAutomationPractices] - [userShouldBeAbleToClickOnAndEnter] Click Action perfrom on.....Password
2018-03-22 14:25:56 [INFO ] [LoginToAutomationPractices] - [userShouldAbleToClickOn] Click Action perfrom on.....LOGIN_Button
2018-03-22 14:27:34 [INFO ] [LoginPage] - [verifyPageTitle] Page Title as expected..
2018-03-22 14:28:01 [INFO ] [LoginToAutomationPractices] - [verifyPageTitle] page Title Matching
2018-03-22 14:28:21 [INFO ] [GenericHelper] - [isDisplayed] element is displayed..[[ChromeDriver: chrome on XP (277da19b86a7fd9993ba52d170cb6119)] -> xpath: //*[contains(text(),'Your Health Plan')]]
2018-03-22 14:28:47 [INFO ] [LoginToAutomationPractices] - [verifyHeader] login test is pass
2018-03-22 14:28:55 [INFO ] [TestBase] - [after] 
2018-03-22 14:28:56 [INFO ] [GetDataFromExcel] - [medicalQuestionsLookup] (Error) We did not find the question you specified on the list
2018-03-22 14:28:56 [INFO ] [TestBase] - [getBrowserObject] Chrome
2018-03-22 14:29:09 [INFO ] [TestBase] - [before] Chrome
2018-03-22 14:29:18 [INFO ] [WaitHelper] - [waitForElement] element found...LOG IN
2018-03-22 14:29:18 [INFO ] [LoginToAutomationPractices] - [navigate_to_application] Website open
2018-03-22 14:29:40 [INFO ] [LoginToAutomationPractices] - [userShouldAbleToClickOn] Click Action perfrom on.....OPEN_LOGIN_POPUP
2018-03-22 14:29:41 [INFO ] [LoginToAutomationPractices] - [userShouldBeAbleToClickOnAndEnter] Click Action perfrom on.....UserName
2018-03-22 14:29:42 [INFO ] [LoginToAutomationPractices] - [userShouldBeAbleToClickOnAndEnter] Click Action perfrom on.....Password
2018-03-22 14:30:19 [INFO ] [LoginToAutomationPractices] - [userShouldAbleToClickOn] Click Action perfrom on.....LOGIN_Button
2018-03-22 14:30:24 [INFO ] [LoginToAutomationPractices] - [userShouldAbleToClickOn] Click Action perfrom on.....Medical_Aid
2018-03-22 14:30:40 [INFO ] [LoginToAutomationPractices] - [userShouldAbleToClickOn] Click Action perfrom on.....Manage_Your_Health_Plan
2018-03-22 14:32:17 [INFO ] [TestBase] - [after] 
2018-03-22 14:45:59 [INFO ] [GetDataFromExcel] - [medicalQuestionsLookup] (Error) We did not find the question you specified on the list
2018-03-22 14:46:09 [INFO ] [TestBase] - [getBrowserObject] Chrome
2018-03-22 14:47:38 [INFO ] [TestBase] - [before] Chrome
2018-03-22 16:00:14 [INFO ] [WaitHelper] - [waitForElement] element found...LOG IN
2018-03-22 16:00:14 [INFO ] [LoginToAutomationPractices] - [navigate_to_application] Website open
2018-03-22 16:00:14 [INFO ] [LoginToAutomationPractices] - [userShouldAbleToClickOn] Click Action perfrom on.....OPEN_LOGIN_POPUP
2018-03-22 16:00:15 [INFO ] [LoginToAutomationPractices] - [userShouldBeAbleToClickOnAndEnter] Click Action perfrom on.....UserName
2018-03-22 16:00:15 [INFO ] [LoginToAutomationPractices] - [userShouldBeAbleToClickOnAndEnter] Click Action perfrom on.....Password
2018-03-22 16:53:00 [INFO ] [GetDataFromExcel] - [medicalQuestionsLookup] (Error) We did not find the question you specified on the list
2018-03-22 16:53:12 [INFO ] [TestBase] - [getBrowserObject] Chrome
2018-03-22 16:53:30 [INFO ] [TestBase] - [before] Chrome
2018-03-22 16:55:44 [INFO ] [GetDataFromExcel] - [medicalQuestionsLookup] (Error) We did not find the question you specified on the list
2018-03-22 16:56:00 [INFO ] [TestBase] - [getBrowserObject] Chrome
2018-03-22 16:56:19 [INFO ] [TestBase] - [before] Chrome
2018-03-22 17:02:34 [INFO ] [GetDataFromExcel] - [medicalQuestionsLookup] (Error) We did not find the question you specified on the list
2018-03-22 17:02:42 [INFO ] [TestBase] - [getBrowserObject] Chrome
2018-03-22 17:02:57 [INFO ] [TestBase] - [before] Chrome
2018-03-22 17:08:31 [INFO ] [GetDataFromExcel] - [medicalQuestionsLookup] (Error) We did not find the question you specified on the list
2018-03-22 17:08:44 [INFO ] [TestBase] - [getBrowserObject] Chrome
2018-03-22 17:09:00 [INFO ] [TestBase] - [before] Chrome
2018-03-22 17:20:43 [INFO ] [GetDataFromExcel] - [medicalQuestionsLookup] (Error) We did not find the question you specified on the list
2018-03-22 17:20:46 [INFO ] [TestBase] - [getBrowserObject] Chrome
2018-03-22 17:21:04 [INFO ] [TestBase] - [before] Chrome
2018-03-22 17:28:50 [INFO ] [GetDataFromExcel] - [medicalQuestionsLookup] (Error) We did not find the question you specified on the list
2018-03-22 17:28:53 [INFO ] [TestBase] - [getBrowserObject] Chrome
2018-03-22 17:29:08 [INFO ] [TestBase] - [before] Chrome
2018-03-23 10:20:45 [INFO ] [GetDataFromExcel] - [medicalQuestionsLookup] (Error) We did not find the question you specified on the list
2018-03-23 10:20:48 [INFO ] [TestBase] - [getBrowserObject] Chrome
2018-03-23 10:21:10 [INFO ] [TestBase] - [before] Chrome
2018-03-23 10:24:15 [INFO ] [GetDataFromExcel] - [medicalQuestionsLookup] (Error) We did not find the question you specified on the list
2018-03-23 10:24:15 [INFO ] [TestBase] - [getBrowserObject] Chrome
2018-03-23 10:24:29 [INFO ] [TestBase] - [before] Chrome
2018-03-23 10:29:36 [INFO ] [GetDataFromExcel] - [medicalQuestionsLookup] (Error) We did not find the question you specified on the list
2018-03-23 10:29:36 [INFO ] [TestBase] - [getBrowserObject] Chrome
2018-03-23 10:29:51 [INFO ] [TestBase] - [before] Chrome
2018-03-23 10:30:44 [INFO ] [GetDataFromExcel] - [medicalQuestionsLookup] (Error) We did not find the question you specified on the list
2018-03-23 10:30:44 [INFO ] [TestBase] - [getBrowserObject] Chrome
2018-03-23 10:30:58 [INFO ] [TestBase] - [before] Chrome
2018-03-23 10:32:30 [INFO ] [GetDataFromExcel] - [medicalQuestionsLookup] (Error) We did not find the question you specified on the list
2018-03-23 10:32:30 [INFO ] [TestBase] - [getBrowserObject] Chrome
2018-03-23 10:32:43 [INFO ] [TestBase] - [before] Chrome
2018-03-23 10:35:31 [INFO ] [GetDataFromExcel] - [medicalQuestionsLookup] (Error) We did not find the question you specified on the list
2018-03-23 10:35:31 [INFO ] [TestBase] - [getBrowserObject] Chrome
2018-03-23 10:35:45 [INFO ] [TestBase] - [before] Chrome
2018-03-23 10:35:54 [INFO ] [WaitHelper] - [waitForElement] element found...LOG IN
2018-03-23 10:35:54 [INFO ] [LoginToAutomationPractices] - [navigateToApplication] Website open
2018-03-23 10:35:55 [INFO ] [LoginToAutomationPractices] - [userShouldAbleToClickOn] Click Action perfrom on.....OPEN_LOGIN_POPUP
2018-03-23 10:35:56 [INFO ] [LoginToAutomationPractices] - [userShouldBeAbleToClickOnAndEnter] Click Action perfrom on.....UserName
2018-03-23 10:35:56 [INFO ] [LoginToAutomationPractices] - [userShouldBeAbleToClickOnAndEnter] Click Action perfrom on.....Password
2018-03-23 10:36:04 [INFO ] [LoginToAutomationPractices] - [userShouldAbleToClickOn] Click Action perfrom on.....LOGIN_Button
2018-03-23 10:36:04 [INFO ] [LoginPage] - [verifyPageTitle] Page Title as expected..
2018-03-23 10:36:04 [INFO ] [LoginToAutomationPractices] - [verifyPageTitle] page Title Matching
2018-03-23 10:36:04 [INFO ] [GenericHelper] - [isDisplayed] element is displayed..[[ChromeDriver: chrome on XP (f0597771554bfbbe3892207269724fc8)] -> xpath: //*[contains(text(),'Your Health Plan')]]
2018-03-23 10:36:04 [INFO ] [LoginToAutomationPractices] - [verifyHeader] login test is pass
2018-03-23 10:36:09 [INFO ] [TestBase] - [after] 
2018-03-23 10:36:09 [INFO ] [GetDataFromExcel] - [medicalQuestionsLookup] (Error) We did not find the question you specified on the list
2018-03-23 10:36:09 [INFO ] [TestBase] - [getBrowserObject] Chrome
2018-03-23 10:36:22 [INFO ] [TestBase] - [before] Chrome
2018-03-23 10:36:28 [INFO ] [WaitHelper] - [waitForElement] element found...LOG IN
2018-03-23 10:36:28 [INFO ] [LoginToAutomationPractices] - [navigateToApplication] Website open
2018-03-23 10:36:28 [INFO ] [LoginToAutomationPractices] - [userShouldAbleToClickOn] Click Action perfrom on.....OPEN_LOGIN_POPUP
2018-03-23 10:36:29 [INFO ] [LoginToAutomationPractices] - [userShouldBeAbleToClickOnAndEnter] Click Action perfrom on.....UserName
2018-03-23 10:36:30 [INFO ] [LoginToAutomationPractices] - [userShouldBeAbleToClickOnAndEnter] Click Action perfrom on.....Password
2018-03-23 10:36:35 [INFO ] [LoginToAutomationPractices] - [userShouldAbleToClickOn] Click Action perfrom on.....LOGIN_Button
2018-03-23 10:36:35 [INFO ] [LoginToAutomationPractices] - [userShouldAbleToClickOn] Click Action perfrom on.....Medical_Aid
2018-03-23 10:36:49 [INFO ] [LoginToAutomationPractices] - [userShouldAbleToClickOn] Click Action perfrom on.....Manage_Your_Health_Plan
2018-03-23 10:37:29 [INFO ] [TestBase] - [after] 
2018-03-23 11:57:48 [INFO ] [GetDataFromExcel] - [medicalQuestionsLookup] (Error) We did not find the question you specified on the list
2018-03-23 11:57:48 [INFO ] [TestBase] - [getBrowserObject] Chrome
2018-03-23 11:58:04 [INFO ] [TestBase] - [before] Chrome
2018-03-23 11:58:29 [INFO ] [WaitHelper] - [waitForElement] element found...LOG IN
2018-03-23 11:58:29 [INFO ] [LoginToAutomationPractices] - [navigateToApplication] Website open
2018-03-23 11:58:31 [INFO ] [LoginToAutomationPractices] - [userShouldAbleToClickOn] Click Action perfrom on.....OPEN_LOGIN_POPUP
2018-03-23 11:58:32 [INFO ] [LoginToAutomationPractices] - [userShouldBeAbleToClickOnAndEnter] Click Action perfrom on.....UserName
2018-03-23 11:58:33 [INFO ] [LoginToAutomationPractices] - [userShouldBeAbleToClickOnAndEnter] Click Action perfrom on.....Password
2018-03-23 11:58:40 [INFO ] [LoginToAutomationPractices] - [userShouldAbleToClickOn] Click Action perfrom on.....LOGIN_Button
2018-03-23 11:59:08 [INFO ] [LoginPage] - [verifyPageTitle] Page Title is missing in excel
2018-03-23 12:00:53 [INFO ] [TestBase] - [after] 
2018-03-23 12:00:53 [INFO ] [GetDataFromExcel] - [medicalQuestionsLookup] (Error) We did not find the question you specified on the list
2018-03-23 12:00:53 [INFO ] [TestBase] - [getBrowserObject] Chrome
2018-03-23 12:01:05 [INFO ] [TestBase] - [before] Chrome
2018-03-23 12:01:34 [INFO ] [WaitHelper] - [waitForElement] element found...LOG IN
2018-03-23 12:01:34 [INFO ] [LoginToAutomationPractices] - [navigateToApplication] Website open
2018-03-23 12:01:40 [INFO ] [LoginToAutomationPractices] - [userShouldAbleToClickOn] Click Action perfrom on.....OPEN_LOGIN_POPUP
2018-03-23 12:01:41 [INFO ] [LoginToAutomationPractices] - [userShouldBeAbleToClickOnAndEnter] Click Action perfrom on.....UserName
2018-03-23 12:01:41 [INFO ] [LoginToAutomationPractices] - [userShouldBeAbleToClickOnAndEnter] Click Action perfrom on.....Password
2018-03-23 12:01:52 [INFO ] [LoginToAutomationPractices] - [userShouldAbleToClickOn] Click Action perfrom on.....LOGIN_Button
2018-03-23 12:04:03 [INFO ] [TestBase] - [after] 
2018-03-23 12:06:34 [INFO ] [GetDataFromExcel] - [medicalQuestionsLookup] (Error) We did not find the question you specified on the list
2018-03-23 12:06:34 [INFO ] [TestBase] - [getBrowserObject] Chrome
2018-03-23 12:06:51 [INFO ] [TestBase] - [before] Chrome
2018-03-23 12:06:57 [INFO ] [WaitHelper] - [waitForElement] element found...LOG IN
2018-03-23 12:06:57 [INFO ] [LoginToAutomationPractices] - [navigateToApplication] Website open
2018-03-23 12:06:58 [INFO ] [LoginToAutomationPractices] - [userShouldAbleToClickOn] Click Action perfrom on.....OPEN_LOGIN_POPUP
2018-03-23 12:06:58 [INFO ] [LoginToAutomationPractices] - [userShouldBeAbleToClickOnAndEnter] Click Action perfrom on.....UserName
2018-03-23 12:06:59 [INFO ] [LoginToAutomationPractices] - [userShouldBeAbleToClickOnAndEnter] Click Action perfrom on.....Password
2018-03-23 12:07:06 [INFO ] [LoginToAutomationPractices] - [userShouldAbleToClickOn] Click Action perfrom on.....LOGIN_Button
2018-03-23 12:07:06 [INFO ] [LoginPage] - [verifyPageTitle] Page Title is missing in excel
2018-03-23 12:07:28 [INFO ] [TestBase] - [after] 
2018-03-23 12:07:28 [INFO ] [GetDataFromExcel] - [medicalQuestionsLookup] (Error) We did not find the question you specified on the list
2018-03-23 12:07:28 [INFO ] [TestBase] - [getBrowserObject] Chrome
2018-03-23 12:07:48 [INFO ] [TestBase] - [before] Chrome
2018-03-23 12:07:54 [INFO ] [WaitHelper] - [waitForElement] element found...LOG IN
2018-03-23 12:07:54 [INFO ] [LoginToAutomationPractices] - [navigateToApplication] Website open
2018-03-23 12:07:54 [INFO ] [LoginToAutomationPractices] - [userShouldAbleToClickOn] Click Action perfrom on.....OPEN_LOGIN_POPUP
2018-03-23 12:07:55 [INFO ] [LoginToAutomationPractices] - [userShouldBeAbleToClickOnAndEnter] Click Action perfrom on.....UserName
2018-03-23 12:07:56 [INFO ] [LoginToAutomationPractices] - [userShouldBeAbleToClickOnAndEnter] Click Action perfrom on.....Password
2018-03-23 12:08:03 [INFO ] [LoginToAutomationPractices] - [userShouldAbleToClickOn] Click Action perfrom on.....LOGIN_Button
2018-03-23 12:08:04 [INFO ] [LoginToAutomationPractices] - [userShouldAbleToClickOn] Click Action perfrom on.....Medical_Aid
2018-03-23 12:08:18 [INFO ] [LoginToAutomationPractices] - [userShouldAbleToClickOn] Click Action perfrom on.....Manage_Your_Health_Plan
2018-03-23 12:09:00 [INFO ] [TestBase] - [after] 
2018-03-23 12:10:42 [INFO ] [GetDataFromExcel] - [medicalQuestionsLookup] (Error) We did not find the question you specified on the list
2018-03-23 12:10:42 [INFO ] [TestBase] - [getBrowserObject] Chrome
2018-03-23 12:10:58 [INFO ] [TestBase] - [before] Chrome
2018-03-23 12:11:05 [INFO ] [WaitHelper] - [waitForElement] element found...LOG IN
2018-03-23 12:11:05 [INFO ] [LoginToAutomationPractices] - [navigateToApplication] Website open
2018-03-23 12:11:05 [INFO ] [LoginToAutomationPractices] - [userShouldAbleToClickOn] Click Action perfrom on.....OPEN_LOGIN_POPUP
2018-03-23 12:11:06 [INFO ] [LoginToAutomationPractices] - [userShouldBeAbleToClickOnAndEnter] Click Action perfrom on.....UserName
2018-03-23 12:11:06 [INFO ] [LoginToAutomationPractices] - [userShouldBeAbleToClickOnAndEnter] Click Action perfrom on.....Password
2018-03-23 12:11:13 [INFO ] [LoginToAutomationPractices] - [userShouldAbleToClickOn] Click Action perfrom on.....LOGIN_Button
2018-03-23 12:11:13 [INFO ] [LoginPage] - [verifyPageTitle] Page Title is missing in excel
2018-03-23 12:11:36 [INFO ] [TestBase] - [after] 
2018-03-23 12:11:36 [INFO ] [GetDataFromExcel] - [medicalQuestionsLookup] (Error) We did not find the question you specified on the list
2018-03-23 12:11:36 [INFO ] [TestBase] - [getBrowserObject] Chrome
2018-03-23 12:11:49 [INFO ] [TestBase] - [before] Chrome
2018-03-23 12:11:57 [INFO ] [WaitHelper] - [waitForElement] element found...LOG IN
2018-03-23 12:11:57 [INFO ] [LoginToAutomationPractices] - [navigateToApplication] Website open
2018-03-23 12:11:57 [INFO ] [LoginToAutomationPractices] - [userShouldAbleToClickOn] Click Action perfrom on.....OPEN_LOGIN_POPUP
2018-03-23 12:11:58 [INFO ] [LoginToAutomationPractices] - [userShouldBeAbleToClickOnAndEnter] Click Action perfrom on.....UserName
2018-03-23 12:11:58 [INFO ] [LoginToAutomationPractices] - [userShouldBeAbleToClickOnAndEnter] Click Action perfrom on.....Password
2018-03-23 12:12:05 [INFO ] [LoginToAutomationPractices] - [userShouldAbleToClickOn] Click Action perfrom on.....LOGIN_Button
2018-03-23 12:12:06 [INFO ] [LoginToAutomationPractices] - [userShouldAbleToClickOn] Click Action perfrom on.....Medical_Aid
2018-03-23 12:12:19 [INFO ] [LoginToAutomationPractices] - [userShouldAbleToClickOn] Click Action perfrom on.....Manage_Your_Health_Plan
2018-03-23 12:13:01 [INFO ] [TestBase] - [after] 
2018-03-23 12:16:08 [INFO ] [GetDataFromExcel] - [medicalQuestionsLookup] (Error) We did not find the question you specified on the list
2018-03-23 12:16:08 [INFO ] [TestBase] - [getBrowserObject] Chrome
2018-03-23 12:16:22 [INFO ] [TestBase] - [before] Chrome
2018-03-23 12:16:30 [INFO ] [WaitHelper] - [waitForElement] element found...LOG IN
2018-03-23 12:16:30 [INFO ] [LoginToAutomationPractices] - [navigateToApplication] Website open
2018-03-23 12:16:31 [INFO ] [LoginToAutomationPractices] - [userShouldAbleToClickOn] Click Action perfrom on.....OPEN_LOGIN_POPUP
2018-03-23 12:16:31 [INFO ] [LoginToAutomationPractices] - [userShouldBeAbleToClickOnAndEnter] Click Action perfrom on.....UserName
2018-03-23 12:16:32 [INFO ] [LoginToAutomationPractices] - [userShouldBeAbleToClickOnAndEnter] Click Action perfrom on.....Password
2018-03-23 12:16:42 [INFO ] [LoginToAutomationPractices] - [userShouldAbleToClickOn] Click Action perfrom on.....LOGIN_Button
2018-03-23 12:16:42 [INFO ] [LoginPage] - [verifyPageTitle] Page Title is missing in excel
2018-03-23 12:17:08 [INFO ] [TestBase] - [after] 
2018-03-23 12:17:08 [INFO ] [GetDataFromExcel] - [medicalQuestionsLookup] (Error) We did not find the question you specified on the list
2018-03-23 12:17:08 [INFO ] [TestBase] - [getBrowserObject] Chrome
2018-03-23 12:17:21 [INFO ] [TestBase] - [before] Chrome
2018-03-23 12:17:27 [INFO ] [WaitHelper] - [waitForElement] element found...LOG IN
2018-03-23 12:17:27 [INFO ] [LoginToAutomationPractices] - [navigateToApplication] Website open
2018-03-23 12:17:27 [INFO ] [LoginToAutomationPractices] - [userShouldAbleToClickOn] Click Action perfrom on.....OPEN_LOGIN_POPUP
2018-03-23 12:17:28 [INFO ] [LoginToAutomationPractices] - [userShouldBeAbleToClickOnAndEnter] Click Action perfrom on.....UserName
2018-03-23 12:17:29 [INFO ] [LoginToAutomationPractices] - [userShouldBeAbleToClickOnAndEnter] Click Action perfrom on.....Password
2018-03-23 12:17:40 [INFO ] [LoginToAutomationPractices] - [userShouldAbleToClickOn] Click Action perfrom on.....LOGIN_Button
2018-03-23 12:17:40 [INFO ] [LoginToAutomationPractices] - [userShouldAbleToClickOn] Click Action perfrom on.....Medical_Aid
2018-03-23 12:17:54 [INFO ] [LoginToAutomationPractices] - [userShouldAbleToClickOn] Click Action perfrom on.....Manage_Your_Health_Plan
2018-03-23 12:18:37 [INFO ] [TestBase] - [after] 
2018-03-23 12:44:56 [INFO ] [GetDataFromExcel] - [medicalQuestionsLookup] (Error) We did not find the question you specified on the list
2018-03-23 12:44:56 [INFO ] [TestBase] - [getBrowserObject] Chrome
2018-03-23 12:45:11 [INFO ] [TestBase] - [before] Chrome
2018-03-23 12:45:28 [INFO ] [WaitHelper] - [waitForElement] element found...LOG IN
2018-03-23 12:45:28 [INFO ] [LoginToAutomationPractices] - [navigateToApplication] Website open
2018-03-23 12:45:31 [INFO ] [LoginToAutomationPractices] - [userShouldAbleToClickOn] Click Action perfrom on.....OPEN_LOGIN_POPUP
2018-03-23 12:45:32 [INFO ] [LoginToAutomationPractices] - [userShouldBeAbleToClickOnAndEnter] Click Action perfrom on.....UserName
2018-03-23 12:45:33 [INFO ] [LoginToAutomationPractices] - [userShouldBeAbleToClickOnAndEnter] Click Action perfrom on.....Password
2018-03-23 12:45:48 [INFO ] [LoginToAutomationPractices] - [userShouldAbleToClickOn] Click Action perfrom on.....LOGIN_Button
2018-03-23 12:53:38 [INFO ] [LoginPage] - [verifyPageTitle] Page Title is missing in excel
2018-03-23 12:55:40 [INFO ] [TestBase] - [after] 
2018-03-23 12:55:44 [INFO ] [GetDataFromExcel] - [medicalQuestionsLookup] (Error) We did not find the question you specified on the list
2018-03-23 12:55:44 [INFO ] [TestBase] - [getBrowserObject] Chrome
2018-03-23 12:55:58 [INFO ] [TestBase] - [before] Chrome
2018-03-23 13:22:29 [INFO ] [GetDataFromExcel] - [medicalQuestionsLookup] (Error) We did not find the question you specified on the list
2018-03-23 13:22:29 [INFO ] [TestBase] - [getBrowserObject] Chrome
2018-03-23 13:22:46 [INFO ] [TestBase] - [before] Chrome
2018-03-23 13:22:57 [INFO ] [WaitHelper] - [waitForElement] element found...LOG IN
2018-03-23 13:22:57 [INFO ] [LoginToAutomationPractices] - [navigateToApplication] Website open
2018-03-23 13:23:01 [INFO ] [LoginToAutomationPractices] - [userShouldAbleToClickOn] Click Action perfrom on.....OPEN_LOGIN_POPUP
2018-03-23 13:23:02 [INFO ] [LoginToAutomationPractices] - [userShouldBeAbleToClickOnAndEnter] Click Action perfrom on.....UserName
2018-03-23 13:23:02 [INFO ] [LoginToAutomationPractices] - [userShouldBeAbleToClickOnAndEnter] Click Action perfrom on.....Password
2018-03-23 13:23:13 [INFO ] [LoginToAutomationPractices] - [userShouldAbleToClickOn] Click Action perfrom on.....LOGIN_Button
2018-03-23 13:23:44 [INFO ] [LoginPage] - [verifyPageTitle] Page Title is missing in excel
2018-03-23 13:26:25 [INFO ] [GetDataFromExcel] - [medicalQuestionsLookup] (Error) We did not find the question you specified on the list
2018-03-23 13:26:25 [INFO ] [TestBase] - [getBrowserObject] Chrome
2018-03-23 13:26:37 [INFO ] [TestBase] - [before] Chrome
2018-03-23 13:28:39 [INFO ] [GetDataFromExcel] - [medicalQuestionsLookup] (Error) We did not find the question you specified on the list
2018-03-23 13:28:39 [INFO ] [TestBase] - [getBrowserObject] Chrome
2018-03-23 13:28:56 [INFO ] [TestBase] - [before] Chrome
2018-03-23 13:44:14 [INFO ] [WaitHelper] - [waitForElement] element found...LOG IN
2018-03-23 13:44:14 [INFO ] [LoginToAutomationPractices] - [navigateToApplication] Website open
2018-03-23 13:44:16 [INFO ] [LoginToAutomationPractices] - [userShouldAbleToClickOn] Click Action perfrom on.....OPEN_LOGIN_POPUP
2018-03-23 13:44:17 [INFO ] [LoginToAutomationPractices] - [userShouldBeAbleToClickOnAndEnter] Click Action perfrom on.....UserName
2018-03-23 13:44:17 [INFO ] [LoginToAutomationPractices] - [userShouldBeAbleToClickOnAndEnter] Click Action perfrom on.....Password
2018-03-23 13:44:26 [INFO ] [LoginToAutomationPractices] - [userShouldAbleToClickOn] Click Action perfrom on.....LOGIN_Button
2018-03-23 13:45:45 [INFO ] [LoginPage] - [verifyPageTitle] Page Title is missing in excel
2018-03-23 13:47:43 [INFO ] [GetDataFromExcel] - [medicalQuestionsLookup] (Error) We did not find the question you specified on the list
2018-03-23 13:47:43 [INFO ] [TestBase] - [getBrowserObject] Chrome
2018-03-23 13:48:17 [INFO ] [GetDataFromExcel] - [medicalQuestionsLookup] (Error) We did not find the question you specified on the list
2018-03-23 13:48:17 [INFO ] [TestBase] - [getBrowserObject] Chrome
2018-03-23 13:48:35 [INFO ] [TestBase] - [before] Chrome
2018-03-23 13:50:39 [INFO ] [WaitHelper] - [waitForElement] element found...LOG IN
2018-03-23 13:50:39 [INFO ] [LoginToAutomationPractices] - [navigateToApplication] Website open
2018-03-23 13:51:05 [INFO ] [LoginToAutomationPractices] - [userShouldAbleToClickOn] Click Action perfrom on.....OPEN_LOGIN_POPUP
2018-03-23 13:51:05 [INFO ] [LoginToAutomationPractices] - [userShouldBeAbleToClickOnAndEnter] Click Action perfrom on.....UserName
2018-03-23 13:51:06 [INFO ] [LoginToAutomationPractices] - [userShouldBeAbleToClickOnAndEnter] Click Action perfrom on.....Password
2018-03-23 13:51:15 [INFO ] [LoginToAutomationPractices] - [userShouldAbleToClickOn] Click Action perfrom on.....LOGIN_Button
2018-03-23 13:51:52 [INFO ] [LoginPage] - [verifyPageTitle] Page Title is missing in excel
2018-03-23 13:53:32 [INFO ] [TestBase] - [after] 
2018-03-23 13:53:56 [INFO ] [GetDataFromExcel] - [medicalQuestionsLookup] (Error) We did not find the question you specified on the list
2018-03-23 13:53:56 [INFO ] [TestBase] - [getBrowserObject] Chrome
2018-03-23 13:54:10 [INFO ] [TestBase] - [before] Chrome
2018-03-23 13:54:41 [INFO ] [GetDataFromExcel] - [medicalQuestionsLookup] (Error) We did not find the question you specified on the list
2018-03-23 13:54:41 [INFO ] [TestBase] - [getBrowserObject] Chrome
2018-03-23 15:10:57 [INFO ] [GetDataFromExcel] - [medicalQuestionsLookup] (Error) We did not find the question you specified on the list
2018-03-23 15:10:57 [INFO ] [TestBase] - [getBrowserObject] Chrome
2018-03-23 15:11:14 [INFO ] [TestBase] - [before] Chrome
2018-03-23 15:11:27 [INFO ] [WaitHelper] - [waitForElement] element found...LOG IN
2018-03-23 15:11:27 [INFO ] [LoginToAutomationPractices] - [navigateToApplication] Website open
2018-03-23 15:11:29 [INFO ] [LoginToAutomationPractices] - [userShouldAbleToClickOn] Click Action perfrom on.....OPEN_LOGIN_POPUP
2018-03-23 15:11:29 [INFO ] [LoginToAutomationPractices] - [userShouldBeAbleToClickOnAndEnter] Click Action perfrom on.....UserName
2018-03-23 15:11:30 [INFO ] [LoginToAutomationPractices] - [userShouldBeAbleToClickOnAndEnter] Click Action perfrom on.....Password
2018-03-23 15:11:45 [INFO ] [LoginToAutomationPractices] - [userShouldAbleToClickOn] Click Action perfrom on.....LOGIN_Button
2018-03-23 15:12:14 [INFO ] [LoginPage] - [verifyPageTitle] Page Title is missing in excel
2018-03-23 15:13:01 [INFO ] [TestBase] - [after] 
2018-03-23 15:14:32 [INFO ] [GetDataFromExcel] - [medicalQuestionsLookup] (Error) We did not find the question you specified on the list
2018-03-23 15:14:32 [INFO ] [TestBase] - [getBrowserObject] Chrome
2018-03-23 16:09:26 [INFO ] [GetDataFromExcel] - [medicalQuestionsLookup] (Error) We did not find the question you specified on the list
2018-03-23 16:09:26 [INFO ] [TestBase] - [getBrowserObject] Chrome
2018-03-23 16:09:46 [INFO ] [TestBase] - [before] Chrome
2018-03-23 16:09:55 [INFO ] [WaitHelper] - [waitForElement] element found...LOG IN
2018-03-23 16:09:55 [INFO ] [LoginToAutomationPractices] - [navigateToApplication] Website open
2018-03-23 16:09:58 [INFO ] [LoginToAutomationPractices] - [userShouldAbleToClickOn] Click Action perfrom on.....OPEN_LOGIN_POPUP
2018-03-23 16:09:59 [INFO ] [LoginToAutomationPractices] - [userShouldBeAbleToClickOnAndEnter] Click Action perfrom on.....UserName
2018-03-23 16:09:59 [INFO ] [LoginToAutomationPractices] - [userShouldBeAbleToClickOnAndEnter] Click Action perfrom on.....Password
2018-03-23 16:10:19 [INFO ] [LoginToAutomationPractices] - [userShouldAbleToClickOn] Click Action perfrom on.....LOGIN_Button
2018-03-23 16:10:24 [INFO ] [LoginPage] - [verifyPageTitle] Page Title is missing in excel
2018-03-23 16:13:02 [INFO ] [TestBase] - [after] 
2018-03-23 16:14:26 [INFO ] [GetDataFromExcel] - [medicalQuestionsLookup] (Error) We did not find the question you specified on the list
2018-03-23 16:14:26 [INFO ] [TestBase] - [getBrowserObject] Chrome
2018-03-23 16:14:42 [INFO ] [TestBase] - [before] Chrome
2018-03-23 16:14:49 [INFO ] [WaitHelper] - [waitForElement] element found...LOG IN
2018-03-23 16:14:49 [INFO ] [LoginToAutomationPractices] - [navigateToApplication] Website open
2018-03-23 16:14:49 [INFO ] [LoginToAutomationPractices] - [userShouldAbleToClickOn] Click Action perfrom on.....OPEN_LOGIN_POPUP
2018-03-23 16:14:50 [INFO ] [LoginToAutomationPractices] - [userShouldBeAbleToClickOnAndEnter] Click Action perfrom on.....UserName
2018-03-23 16:14:51 [INFO ] [LoginToAutomationPractices] - [userShouldBeAbleToClickOnAndEnter] Click Action perfrom on.....Password
2018-03-23 16:14:59 [INFO ] [LoginToAutomationPractices] - [userShouldAbleToClickOn] Click Action perfrom on.....LOGIN_Button
2018-03-23 16:14:59 [INFO ] [LoginPage] - [verifyPageTitle] Page Title is missing in excel
2018-03-23 16:15:23 [INFO ] [TestBase] - [after] 
2018-03-23 16:17:18 [INFO ] [GetDataFromExcel] - [medicalQuestionsLookup] (Error) We did not find the question you specified on the list
2018-03-23 16:17:18 [INFO ] [TestBase] - [getBrowserObject] Chrome
2018-03-23 16:17:33 [INFO ] [TestBase] - [before] Chrome
2018-03-23 16:17:42 [INFO ] [WaitHelper] - [waitForElement] element found...LOG IN
2018-03-23 16:17:42 [INFO ] [LoginToAutomationPractices] - [navigateToApplication] Website open
2018-03-23 16:17:44 [INFO ] [LoginToAutomationPractices] - [userShouldAbleToClickOn] Click Action perfrom on.....OPEN_LOGIN_POPUP
2018-03-23 16:17:45 [INFO ] [LoginToAutomationPractices] - [userShouldBeAbleToClickOnAndEnter] Click Action perfrom on.....UserName
2018-03-23 16:17:46 [INFO ] [LoginToAutomationPractices] - [userShouldBeAbleToClickOnAndEnter] Click Action perfrom on.....Password
2018-03-23 16:17:56 [INFO ] [LoginToAutomationPractices] - [userShouldAbleToClickOn] Click Action perfrom on.....LOGIN_Button
2018-03-23 16:18:05 [INFO ] [LoginPage] - [verifyPageTitle] Page Title is missing in excel
2018-03-23 16:21:56 [INFO ] [GetDataFromExcel] - [medicalQuestionsLookup] (Error) We did not find the question you specified on the list
2018-03-23 16:21:56 [INFO ] [TestBase] - [getBrowserObject] Chrome
2018-03-23 16:22:12 [INFO ] [TestBase] - [before] Chrome
2018-03-23 16:22:22 [INFO ] [WaitHelper] - [waitForElement] element found...LOG IN
2018-03-23 16:22:22 [INFO ] [LoginToAutomationPractices] - [navigateToApplication] Website open
2018-03-23 16:22:24 [INFO ] [LoginToAutomationPractices] - [userShouldAbleToClickOn] Click Action perfrom on.....OPEN_LOGIN_POPUP
2018-03-23 16:22:25 [INFO ] [LoginToAutomationPractices] - [userShouldBeAbleToClickOnAndEnter] Click Action perfrom on.....UserName
2018-03-23 16:22:25 [INFO ] [LoginToAutomationPractices] - [userShouldBeAbleToClickOnAndEnter] Click Action perfrom on.....Password
2018-03-23 16:22:32 [INFO ] [LoginToAutomationPractices] - [userShouldAbleToClickOn] Click Action perfrom on.....LOGIN_Button
2018-03-23 16:22:45 [INFO ] [LoginPage] - [verifyPageTitle] Page Title is missing in excel
2018-03-23 16:26:13 [INFO ] [TestBase] - [after] 
2018-03-23 16:28:41 [INFO ] [GetDataFromExcel] - [medicalQuestionsLookup] (Error) We did not find the question you specified on the list
2018-03-23 16:28:41 [INFO ] [TestBase] - [getBrowserObject] Chrome
2018-03-23 16:28:57 [INFO ] [TestBase] - [before] Chrome
2018-03-23 16:29:02 [INFO ] [WaitHelper] - [waitForElement] element found...LOG IN
2018-03-23 16:29:02 [INFO ] [LoginToAutomationPractices] - [navigateToApplication] Website open
2018-03-23 16:29:03 [INFO ] [LoginToAutomationPractices] - [userShouldAbleToClickOn] Click Action perfrom on.....OPEN_LOGIN_POPUP
2018-03-23 16:29:03 [INFO ] [LoginToAutomationPractices] - [userShouldBeAbleToClickOnAndEnter] Click Action perfrom on.....UserName
2018-03-23 16:29:04 [INFO ] [LoginToAutomationPractices] - [userShouldBeAbleToClickOnAndEnter] Click Action perfrom on.....Password
2018-03-23 16:29:10 [INFO ] [LoginToAutomationPractices] - [userShouldAbleToClickOn] Click Action perfrom on.....LOGIN_Button
2018-03-23 16:29:11 [INFO ] [LoginToAutomationPractices] - [userShouldAbleToClickOn] Click Action perfrom on.....Medical_Aid
2018-03-23 16:29:15 [INFO ] [LoginToAutomationPractices] - [userShouldAbleToClickOn] Click Action perfrom on.....Manage_Your_Health_Plan
2018-03-23 16:29:59 [INFO ] [TestBase] - [after] 
2018-03-23 16:31:20 [INFO ] [GetDataFromExcel] - [medicalQuestionsLookup] (Error) We did not find the question you specified on the list
2018-03-23 16:31:20 [INFO ] [TestBase] - [getBrowserObject] Chrome
2018-03-23 16:31:34 [INFO ] [TestBase] - [before] Chrome
2018-03-23 16:31:42 [INFO ] [WaitHelper] - [waitForElement] element found...LOG IN
2018-03-23 16:31:42 [INFO ] [LoginToAutomationPractices] - [navigateToApplication] Website open
2018-03-23 16:31:43 [INFO ] [LoginToAutomationPractices] - [userShouldAbleToClickOn] Click Action perfrom on.....OPEN_LOGIN_POPUP
2018-03-23 16:31:43 [INFO ] [LoginToAutomationPractices] - [userShouldBeAbleToClickOnAndEnter] Click Action perfrom on.....UserName
2018-03-23 16:31:44 [INFO ] [LoginToAutomationPractices] - [userShouldBeAbleToClickOnAndEnter] Click Action perfrom on.....Password
2018-03-23 16:31:50 [INFO ] [LoginToAutomationPractices] - [userShouldAbleToClickOn] Click Action perfrom on.....LOGIN_Button
2018-03-23 16:32:32 [INFO ] [TestBase] - [after] 
2018-03-23 16:49:48 [INFO ] [GetDataFromExcel] - [medicalQuestionsLookup] (Error) We did not find the question you specified on the list
2018-03-23 16:49:48 [INFO ] [TestBase] - [getBrowserObject] Chrome
2018-03-23 16:50:12 [INFO ] [TestBase] - [before] Chrome
2018-03-23 16:50:19 [INFO ] [WaitHelper] - [waitForElement] element found...LOG IN
2018-03-23 16:50:19 [INFO ] [LoginToAutomationPractices] - [navigateToApplication] Website open
2018-03-23 16:50:20 [INFO ] [LoginToAutomationPractices] - [userShouldAbleToClickOn] Click Action perfrom on.....OPEN_LOGIN_POPUP
2018-03-23 16:50:21 [INFO ] [LoginToAutomationPractices] - [userShouldBeAbleToClickOnAndEnter] Click Action perfrom on.....UserName
2018-03-23 16:50:31 [INFO ] [LoginToAutomationPractices] - [userShouldBeAbleToClickOnAndEnter] Click Action perfrom on.....Password
2018-03-23 16:50:47 [INFO ] [LoginToAutomationPractices] - [userShouldAbleToClickOn] Click Action perfrom on.....LOGIN_Button
2018-03-23 16:51:31 [INFO ] [TestBase] - [after] 
2018-03-23 16:53:45 [INFO ] [GetDataFromExcel] - [medicalQuestionsLookup] (Error) We did not find the question you specified on the list
2018-03-23 16:53:45 [INFO ] [TestBase] - [getBrowserObject] Chrome
2018-03-23 16:53:58 [INFO ] [TestBase] - [before] Chrome
2018-03-23 16:54:29 [INFO ] [WaitHelper] - [waitForElement] element found...LOG IN
2018-03-23 16:54:29 [INFO ] [LoginToAutomationPractices] - [navigateToApplication] Website open
2018-03-23 16:54:30 [INFO ] [LoginToAutomationPractices] - [userShouldAbleToClickOn] Click Action perfrom on.....OPEN_LOGIN_POPUP
2018-03-23 16:54:40 [INFO ] [LoginToAutomationPractices] - [userShouldBeAbleToClickOnAndEnter] Click Action perfrom on.....UserName
2018-03-23 16:54:41 [INFO ] [LoginToAutomationPractices] - [userShouldBeAbleToClickOnAndEnter] Click Action perfrom on.....Password
2018-03-23 16:54:49 [INFO ] [LoginToAutomationPractices] - [userShouldAbleToClickOn] Click Action perfrom on.....LOGIN_Button
2018-03-23 16:55:42 [INFO ] [TestBase] - [after] 
2018-03-26 14:20:25 [INFO ] [GetDataFromExcel] - [medicalQuestionsLookup] (Error) We did not find the question you specified on the list
2018-03-26 14:20:25 [INFO ] [TestBase] - [getBrowserObject] Chrome
2018-03-26 14:20:42 [INFO ] [TestBase] - [before] Chrome
2018-03-26 14:20:46 [INFO ] [WaitHelper] - [waitForElement] element found...LOG IN
2018-03-26 14:20:46 [INFO ] [LoginToAutomationPractices] - [navigateToApplication] Website open
2018-03-26 14:20:46 [INFO ] [LoginToAutomationPractices] - [userShouldAbleToClickOn] Click Action perfrom on.....OPEN_LOGIN_POPUP
2018-03-26 14:20:57 [INFO ] [LoginToAutomationPractices] - [userShouldBeAbleToClickOnAndEnter] Click Action perfrom on.....UserName
2018-03-26 14:20:57 [INFO ] [LoginToAutomationPractices] - [userShouldBeAbleToClickOnAndEnter] Click Action perfrom on.....Password
2018-03-26 14:21:02 [INFO ] [LoginToAutomationPractices] - [userShouldAbleToClickOn] Click Action perfrom on.....LOGIN_Button
2018-03-26 14:21:54 [INFO ] [TestBase] - [after] 
2018-04-05 15:39:51 [INFO ] [GetDataFromExcel] - [medicalQuestionsLookup] (Error) We did not find the question you specified on the list
2018-04-05 15:39:51 [INFO ] [TestBase] - [getBrowserObject] Chrome
2018-04-05 15:40:15 [INFO ] [TestBase] - [before] Chrome
2018-04-05 15:40:18 [INFO ] [WaitHelper] - [waitForElement] element found...LOG IN
2018-04-05 15:40:18 [INFO ] [LoginToAutomationPractices] - [navigateToApplication] Website open
2018-04-05 15:40:18 [INFO ] [LoginToAutomationPractices] - [userShouldAbleToClickOn] Click Action perfrom on.....OPEN_LOGIN_POPUP
2018-04-05 15:40:29 [INFO ] [LoginToAutomationPractices] - [userShouldBeAbleToClickOnAndEnter] Click Action perfrom on.....UserName
2018-04-05 15:40:29 [INFO ] [LoginToAutomationPractices] - [userShouldBeAbleToClickOnAndEnter] Click Action perfrom on.....Password
2018-04-05 15:40:37 [INFO ] [LoginToAutomationPractices] - [userShouldAbleToClickOn] Click Action perfrom on.....LOGIN_Button
2018-04-05 15:45:33 [INFO ] [GetDataFromExcel] - [medicalQuestionsLookup] (Error) We did not find the question you specified on the list
2018-04-05 15:45:33 [INFO ] [TestBase] - [getBrowserObject] Chrome
2018-04-05 15:45:50 [INFO ] [TestBase] - [before] Chrome
2018-04-05 15:46:14 [INFO ] [TestBase] - [after] 
2018-04-05 15:50:12 [INFO ] [GetDataFromExcel] - [medicalQuestionsLookup] (Error) We did not find the question you specified on the list
2018-04-05 15:50:12 [INFO ] [TestBase] - [getBrowserObject] Chrome
2018-04-05 15:50:27 [INFO ] [TestBase] - [before] Chrome
2018-04-05 15:50:31 [INFO ] [WaitHelper] - [waitForElement] element found...LOG IN
2018-04-05 15:50:31 [INFO ] [LoginToAutomationPractices] - [navigateToApplication] Website open
2018-04-05 15:50:31 [INFO ] [LoginToAutomationPractices] - [userShouldAbleToClickOn] Click Action perfrom on.....OPEN_LOGIN_POPUP
2018-04-05 15:50:41 [INFO ] [LoginToAutomationPractices] - [userShouldBeAbleToClickOnAndEnter] Click Action perfrom on.....UserName
2018-04-05 15:50:42 [INFO ] [LoginToAutomationPractices] - [userShouldBeAbleToClickOnAndEnter] Click Action perfrom on.....Password
2018-04-05 15:50:55 [INFO ] [LoginToAutomationPractices] - [userShouldAbleToClickOn] Click Action perfrom on.....LOGIN_Button
2018-04-05 15:51:11 [INFO ] [TestBase] - [after] 
2018-04-05 16:48:01 [INFO ] [GetDataFromExcel] - [medicalQuestionsLookup] (Error) We did not find the question you specified on the list
2018-04-05 16:48:01 [INFO ] [TestBase] - [getBrowserObject] Chrome
2018-04-05 16:48:18 [INFO ] [TestBase] - [before] Chrome
2018-04-05 16:48:21 [INFO ] [WaitHelper] - [waitForElement] element found...LOG IN
2018-04-05 16:48:21 [INFO ] [LoginToAutomationPractices] - [navigateToApplication] Website open
2018-04-05 16:48:22 [INFO ] [LoginToAutomationPractices] - [userShouldAbleToClickOn] Click Action perfrom on.....OPEN_LOGIN_POPUP
2018-04-05 16:48:32 [INFO ] [LoginToAutomationPractices] - [userShouldBeAbleToClickOnAndEnter] Click Action perfrom on.....UserName
2018-04-05 16:48:32 [INFO ] [LoginToAutomationPractices] - [userShouldBeAbleToClickOnAndEnter] Click Action perfrom on.....Password
2018-04-05 16:48:42 [INFO ] [LoginToAutomationPractices] - [userShouldAbleToClickOn] Click Action perfrom on.....LOGIN_Button
2018-04-05 16:48:57 [INFO ] [TestBase] - [after] 
2018-04-09 15:07:32 [INFO ] [GetDataFromExcel] - [medicalQuestionsLookup] (Error) We did not find the question you specified on the list
2018-04-09 15:07:32 [INFO ] [TestBase] - [getBrowserObject] Chrome
2018-04-09 15:07:50 [INFO ] [TestBase] - [before] Chrome
2018-04-09 15:07:53 [INFO ] [WaitHelper] - [waitForElement] element found...LOG IN
2018-04-09 15:07:53 [INFO ] [LoginToAutomationPractices] - [navigateToApplication] Website open
2018-04-09 15:07:54 [INFO ] [LoginToAutomationPractices] - [userShouldAbleToClickOn] Click Action perfrom on.....OPEN_LOGIN_POPUP
2018-04-09 15:08:04 [INFO ] [LoginToAutomationPractices] - [userShouldBeAbleToClickOnAndEnter] Click Action perfrom on.....UserName
2018-04-09 15:08:04 [INFO ] [LoginToAutomationPractices] - [userShouldBeAbleToClickOnAndEnter] Click Action perfrom on.....Password
2018-04-09 15:08:06 [INFO ] [LoginToAutomationPractices] - [userShouldAbleToClickOn] Click Action perfrom on.....LOGIN_Button
2018-04-09 15:08:23 [INFO ] [TestBase] - [after] 
2018-04-09 16:18:33 [INFO ] [GetDataFromExcel] - [medicalQuestionsLookup] (Error) We did not find the question you specified on the list
2018-04-09 16:18:33 [INFO ] [TestBase] - [getBrowserObject] Chrome
2018-04-09 16:18:51 [INFO ] [TestBase] - [before] Chrome
2018-04-09 16:18:55 [INFO ] [WaitHelper] - [waitForElement] element found...LOG IN
2018-04-09 16:18:55 [INFO ] [LoginToAutomationPractices] - [navigateToApplication] Website open
2018-04-09 16:18:55 [INFO ] [LoginToAutomationPractices] - [userShouldAbleToClickOn] Click Action perfrom on.....OPEN_LOGIN_POPUP
2018-04-09 16:19:05 [INFO ] [LoginToAutomationPractices] - [userShouldBeAbleToClickOnAndEnter] Click Action perfrom on.....UserName
2018-04-09 16:19:06 [INFO ] [LoginToAutomationPractices] - [userShouldBeAbleToClickOnAndEnter] Click Action perfrom on.....Password
2018-04-09 16:19:12 [INFO ] [LoginToAutomationPractices] - [userShouldAbleToClickOn] Click Action perfrom on.....LOGIN_Button
2018-04-09 16:30:18 [INFO ] [GetDataFromExcel] - [medicalQuestionsLookup] (Error) We did not find the question you specified on the list
2018-04-09 16:30:18 [INFO ] [TestBase] - [getBrowserObject] Chrome
2018-04-09 16:30:35 [INFO ] [TestBase] - [before] Chrome
2018-04-09 16:30:59 [INFO ] [TestBase] - [after] 
2018-04-09 16:31:38 [INFO ] [GetDataFromExcel] - [medicalQuestionsLookup] (Error) We did not find the question you specified on the list
2018-04-09 16:31:38 [INFO ] [TestBase] - [getBrowserObject] Chrome
2018-04-09 16:31:54 [INFO ] [TestBase] - [before] Chrome
2018-04-09 16:31:57 [INFO ] [WaitHelper] - [waitForElement] element found...LOG IN
2018-04-09 16:31:57 [INFO ] [LoginToAutomationPractices] - [navigateToApplication] Website open
2018-04-09 16:31:57 [INFO ] [LoginToAutomationPractices] - [userShouldAbleToClickOn] Click Action perfrom on.....OPEN_LOGIN_POPUP
2018-04-09 16:32:07 [INFO ] [LoginToAutomationPractices] - [userShouldBeAbleToClickOnAndEnter] Click Action perfrom on.....UserName
2018-04-09 16:32:08 [INFO ] [LoginToAutomationPractices] - [userShouldBeAbleToClickOnAndEnter] Click Action perfrom on.....Password
2018-04-09 16:32:16 [INFO ] [LoginToAutomationPractices] - [userShouldAbleToClickOn] Click Action perfrom on.....LOGIN_Button
2018-04-09 16:32:26 [INFO ] [LoginToAutomationPractices] - [userShouldAbleToClickOn] Click Action perfrom on.....MY_DETAILS
2018-04-09 16:32:44 [INFO ] [TestBase] - [after] 
2018-04-09 16:51:21 [INFO ] [GetDataFromExcel] - [medicalQuestionsLookup] (Error) We did not find the question you specified on the list
2018-04-09 16:51:21 [INFO ] [TestBase] - [getBrowserObject] Chrome
2018-04-09 16:51:37 [INFO ] [TestBase] - [before] Chrome
2018-04-09 16:51:41 [INFO ] [WaitHelper] - [waitForElement] element found...LOG IN
2018-04-09 16:51:41 [INFO ] [LoginToAutomationPractices] - [navigateToApplication] Website open
2018-04-09 16:51:41 [INFO ] [LoginToAutomationPractices] - [userShouldAbleToClickOn] Click Action perfrom on.....OPEN_LOGIN_POPUP
2018-04-09 16:51:51 [INFO ] [LoginToAutomationPractices] - [userShouldBeAbleToClickOnAndEnter] Click Action perfrom on.....UserName
2018-04-09 16:51:52 [INFO ] [LoginToAutomationPractices] - [userShouldBeAbleToClickOnAndEnter] Click Action perfrom on.....Password
2018-04-09 16:51:58 [INFO ] [LoginToAutomationPractices] - [userShouldAbleToClickOn] Click Action perfrom on.....LOGIN_Button
2018-04-09 16:52:08 [INFO ] [LoginToAutomationPractices] - [userShouldAbleToClickOn] Click Action perfrom on.....MY_DETAILS
2018-04-09 16:52:24 [INFO ] [TestBase] - [after] 
